{"t":{"$date":"2024-01-02T22:28:20.465+02:00"},"s":"I",  "c":"CONTROL",  "id":23285,   "ctx":"thread2","msg":"Automatically disabling TLS 1.0, to force-enable TLS 1.0 specify --sslDisabledProtocols 'none'"}
{"t":{"$date":"2024-01-02T22:28:20.465+02:00"},"s":"I",  "c":"NETWORK",  "id":4915701, "ctx":"thread2","msg":"Initialized wire specification","attr":{"spec":{"incomingExternalClient":{"minWireVersion":0,"maxWireVersion":13},"incomingInternalClient":{"minWireVersion":0,"maxWireVersion":13},"outgoing":{"minWireVersion":0,"maxWireVersion":13},"isInternalClient":true}}}
{"t":{"$date":"2024-01-02T22:28:20.466+02:00"},"s":"W",  "c":"ASIO",     "id":22601,   "ctx":"thread2","msg":"No TransportLayer configured during NetworkInterface startup"}
{"t":{"$date":"2024-01-02T22:28:20.466+02:00"},"s":"I",  "c":"NETWORK",  "id":4648602, "ctx":"thread2","msg":"Implicit TCP FastOpen in use."}
{"t":{"$date":"2024-01-02T22:28:20.466+02:00"},"s":"W",  "c":"ASIO",     "id":22601,   "ctx":"thread2","msg":"No TransportLayer configured during NetworkInterface startup"}
{"t":{"$date":"2024-01-02T22:28:20.466+02:00"},"s":"I",  "c":"REPL",     "id":5123008, "ctx":"thread2","msg":"Successfully registered PrimaryOnlyService","attr":{"service":"TenantMigrationDonorService","ns":"config.tenantMigrationDonors"}}
{"t":{"$date":"2024-01-02T22:28:20.467+02:00"},"s":"I",  "c":"REPL",     "id":5123008, "ctx":"thread2","msg":"Successfully registered PrimaryOnlyService","attr":{"service":"TenantMigrationRecipientService","ns":"config.tenantMigrationRecipients"}}
{"t":{"$date":"2024-01-02T22:28:20.467+02:00"},"s":"I",  "c":"CONTROL",  "id":5945603, "ctx":"thread2","msg":"Multi threading initialized"}
{"t":{"$date":"2024-01-02T22:28:20.467+02:00"},"s":"I",  "c":"CONTROL",  "id":4615611, "ctx":"initandlisten","msg":"MongoDB starting","attr":{"pid":7568,"port":27017,"dbPath":"/Volumes/Studies/Lean-MongoDB/Server/data","architecture":"64-bit","host":"h-MacBook-Pro-sl-Lirone.local"}}
{"t":{"$date":"2024-01-02T22:28:20.467+02:00"},"s":"I",  "c":"CONTROL",  "id":23403,   "ctx":"initandlisten","msg":"Build Info","attr":{"buildInfo":{"version":"5.0.23","gitVersion":"3367195a14d0ba2734d2ba2719294fb974ad0834","modules":[],"allocator":"system","environment":{"distarch":"x86_64","target_arch":"x86_64"}}}}
{"t":{"$date":"2024-01-02T22:28:20.467+02:00"},"s":"I",  "c":"CONTROL",  "id":51765,   "ctx":"initandlisten","msg":"Operating System","attr":{"os":{"name":"Mac OS X","version":"23.1.0"}}}
{"t":{"$date":"2024-01-02T22:28:20.467+02:00"},"s":"I",  "c":"CONTROL",  "id":21951,   "ctx":"initandlisten","msg":"Options set by command line","attr":{"options":{"storage":{"dbPath":"/Volumes/Studies/Lean-MongoDB/Server/data"},"systemLog":{"destination":"file","path":"/Volumes/Studies/Lean-MongoDB/Server/logs/mongo.log"}}}}
{"t":{"$date":"2024-01-02T22:28:20.468+02:00"},"s":"I",  "c":"NETWORK",  "id":5693100, "ctx":"initandlisten","msg":"Asio socket.set_option failed with std::system_error","attr":{"note":"acceptor TCP fast open","option":{"level":6,"name":261,"data":"00 04 00 00"},"error":{"what":"set_option: Invalid argument","message":"Invalid argument","category":"asio.system","value":22}}}
{"t":{"$date":"2024-01-02T22:28:20.468+02:00"},"s":"I",  "c":"STORAGE",  "id":22270,   "ctx":"initandlisten","msg":"Storage engine to use detected by data files","attr":{"dbpath":"/Volumes/Studies/Lean-MongoDB/Server/data","storageEngine":"wiredTiger"}}
{"t":{"$date":"2024-01-02T22:28:20.468+02:00"},"s":"I",  "c":"STORAGE",  "id":22315,   "ctx":"initandlisten","msg":"Opening WiredTiger","attr":{"config":"create,cache_size=7680M,session_max=33000,eviction=(threads_min=4,threads_max=4),config_base=false,statistics=(fast),log=(enabled=true,archive=true,path=journal,compressor=snappy),builtin_extension_config=(zstd=(compression_level=6)),file_manager=(close_idle_time=600,close_scan_interval=10,close_handle_minimum=250),statistics_log=(wait=0),verbose=[recovery_progress,checkpoint_progress,compact_progress],"}}
{"t":{"$date":"2024-01-02T22:28:21.059+02:00"},"s":"I",  "c":"STORAGE",  "id":22430,   "ctx":"initandlisten","msg":"WiredTiger message","attr":{"message":"[1704227301:59377][7568:0x20a1f5240], txn-recover: [WT_VERB_RECOVERY_PROGRESS] Recovering log 5 through 6"}}
{"t":{"$date":"2024-01-02T22:28:21.084+02:00"},"s":"I",  "c":"STORAGE",  "id":22430,   "ctx":"initandlisten","msg":"WiredTiger message","attr":{"message":"[1704227301:84710][7568:0x20a1f5240], txn-recover: [WT_VERB_RECOVERY_PROGRESS] Recovering log 6 through 6"}}
{"t":{"$date":"2024-01-02T22:28:21.113+02:00"},"s":"I",  "c":"STORAGE",  "id":22430,   "ctx":"initandlisten","msg":"WiredTiger message","attr":{"message":"[1704227301:113271][7568:0x20a1f5240], txn-recover: [WT_VERB_RECOVERY_ALL] Main recovery loop: starting at 5/818304 to 6/256"}}
{"t":{"$date":"2024-01-02T22:28:21.162+02:00"},"s":"I",  "c":"STORAGE",  "id":22430,   "ctx":"initandlisten","msg":"WiredTiger message","attr":{"message":"[1704227301:162987][7568:0x20a1f5240], txn-recover: [WT_VERB_RECOVERY_PROGRESS] Recovering log 5 through 6"}}
{"t":{"$date":"2024-01-02T22:28:21.194+02:00"},"s":"I",  "c":"STORAGE",  "id":22430,   "ctx":"initandlisten","msg":"WiredTiger message","attr":{"message":"[1704227301:194208][7568:0x20a1f5240], txn-recover: [WT_VERB_RECOVERY_PROGRESS] Recovering log 6 through 6"}}
{"t":{"$date":"2024-01-02T22:28:21.218+02:00"},"s":"I",  "c":"STORAGE",  "id":22430,   "ctx":"initandlisten","msg":"WiredTiger message","attr":{"message":"[1704227301:218897][7568:0x20a1f5240], txn-recover: [WT_VERB_RECOVERY_ALL] Set global recovery timestamp: (0, 0)"}}
{"t":{"$date":"2024-01-02T22:28:21.218+02:00"},"s":"I",  "c":"STORAGE",  "id":22430,   "ctx":"initandlisten","msg":"WiredTiger message","attr":{"message":"[1704227301:218944][7568:0x20a1f5240], txn-recover: [WT_VERB_RECOVERY_ALL] Set global oldest timestamp: (0, 0)"}}
{"t":{"$date":"2024-01-02T22:28:21.222+02:00"},"s":"I",  "c":"STORAGE",  "id":22430,   "ctx":"initandlisten","msg":"WiredTiger message","attr":{"message":"[1704227301:222305][7568:0x20a1f5240], WT_SESSION.checkpoint: [WT_VERB_CHECKPOINT_PROGRESS] saving checkpoint snapshot min: 1, snapshot max: 1 snapshot count: 0, oldest timestamp: (0, 0) , meta checkpoint timestamp: (0, 0) base write gen: 2091"}}
{"t":{"$date":"2024-01-02T22:28:21.242+02:00"},"s":"I",  "c":"STORAGE",  "id":4795906, "ctx":"initandlisten","msg":"WiredTiger opened","attr":{"durationMillis":774}}
{"t":{"$date":"2024-01-02T22:28:21.242+02:00"},"s":"I",  "c":"RECOVERY", "id":23987,   "ctx":"initandlisten","msg":"WiredTiger recoveryTimestamp","attr":{"recoveryTimestamp":{"$timestamp":{"t":0,"i":0}}}}
{"t":{"$date":"2024-01-02T22:28:21.249+02:00"},"s":"I",  "c":"STORAGE",  "id":22262,   "ctx":"initandlisten","msg":"Timestamp monitor starting"}
{"t":{"$date":"2024-01-02T22:28:21.250+02:00"},"s":"W",  "c":"CONTROL",  "id":22120,   "ctx":"initandlisten","msg":"Access control is not enabled for the database. Read and write access to data and configuration is unrestricted","tags":["startupWarnings"]}
{"t":{"$date":"2024-01-02T22:28:21.250+02:00"},"s":"W",  "c":"CONTROL",  "id":22140,   "ctx":"initandlisten","msg":"This server is bound to localhost. Remote systems will be unable to connect to this server. Start the server with --bind_ip <address> to specify which IP addresses it should serve responses from, or with --bind_ip_all to bind to all interfaces. If this behavior is desired, start the server with --bind_ip 127.0.0.1 to disable this warning","tags":["startupWarnings"]}
{"t":{"$date":"2024-01-02T22:28:21.250+02:00"},"s":"W",  "c":"CONTROL",  "id":22184,   "ctx":"initandlisten","msg":"Soft rlimits for open file descriptors too low","attr":{"currentValue":12800,"recommendedMinimum":64000},"tags":["startupWarnings"]}
{"t":{"$date":"2024-01-02T22:28:21.253+02:00"},"s":"I",  "c":"NETWORK",  "id":4915702, "ctx":"initandlisten","msg":"Updated wire specification","attr":{"oldSpec":{"incomingExternalClient":{"minWireVersion":0,"maxWireVersion":13},"incomingInternalClient":{"minWireVersion":0,"maxWireVersion":13},"outgoing":{"minWireVersion":0,"maxWireVersion":13},"isInternalClient":true},"newSpec":{"incomingExternalClient":{"minWireVersion":0,"maxWireVersion":13},"incomingInternalClient":{"minWireVersion":13,"maxWireVersion":13},"outgoing":{"minWireVersion":13,"maxWireVersion":13},"isInternalClient":true}}}
{"t":{"$date":"2024-01-02T22:28:21.253+02:00"},"s":"I",  "c":"STORAGE",  "id":5071100, "ctx":"initandlisten","msg":"Clearing temp directory"}
{"t":{"$date":"2024-01-02T22:28:21.254+02:00"},"s":"I",  "c":"CONTROL",  "id":20536,   "ctx":"initandlisten","msg":"Flow Control is enabled on this deployment"}
{"t":{"$date":"2024-01-02T22:28:21.255+02:00"},"s":"I",  "c":"FTDC",     "id":20625,   "ctx":"initandlisten","msg":"Initializing full-time diagnostic data capture","attr":{"dataDirectory":"/Volumes/Studies/Lean-MongoDB/Server/data/diagnostic.data"}}
{"t":{"$date":"2024-01-02T22:28:21.256+02:00"},"s":"I",  "c":"REPL",     "id":6015317, "ctx":"initandlisten","msg":"Setting new configuration state","attr":{"newState":"ConfigReplicationDisabled","oldState":"ConfigPreStart"}}
{"t":{"$date":"2024-01-02T22:28:21.256+02:00"},"s":"I",  "c":"NETWORK",  "id":23015,   "ctx":"listener","msg":"Listening on","attr":{"address":"/tmp/mongodb-27017.sock"}}
{"t":{"$date":"2024-01-02T22:28:21.256+02:00"},"s":"I",  "c":"NETWORK",  "id":23015,   "ctx":"listener","msg":"Listening on","attr":{"address":"127.0.0.1"}}
{"t":{"$date":"2024-01-02T22:28:21.256+02:00"},"s":"I",  "c":"NETWORK",  "id":23016,   "ctx":"listener","msg":"Waiting for connections","attr":{"port":27017,"ssl":"off"}}
{"t":{"$date":"2024-01-02T22:28:45.733+02:00"},"s":"I",  "c":"NETWORK",  "id":22943,   "ctx":"listener","msg":"Connection accepted","attr":{"remote":"127.0.0.1:49631","uuid":"045cf2b8-e3f4-46c9-8363-85cff62e2805","connectionId":1,"connectionCount":1}}
{"t":{"$date":"2024-01-02T22:28:45.736+02:00"},"s":"I",  "c":"NETWORK",  "id":51800,   "ctx":"conn1","msg":"client metadata","attr":{"remote":"127.0.0.1:49631","client":"conn1","doc":{"application":{"name":"mongosh 2.1.1"},"driver":{"name":"nodejs|mongosh","version":"6.3.0|2.1.1"},"platform":"Node.js v20.9.0, LE","os":{"name":"darwin","architecture":"arm64","version":"23.1.0","type":"Darwin"}}}}
{"t":{"$date":"2024-01-02T22:28:45.742+02:00"},"s":"I",  "c":"NETWORK",  "id":22943,   "ctx":"listener","msg":"Connection accepted","attr":{"remote":"127.0.0.1:49632","uuid":"4fce4d2d-39bd-4091-970b-1b460a48af39","connectionId":2,"connectionCount":2}}
{"t":{"$date":"2024-01-02T22:28:45.742+02:00"},"s":"I",  "c":"NETWORK",  "id":22943,   "ctx":"listener","msg":"Connection accepted","attr":{"remote":"127.0.0.1:49633","uuid":"8bdc5999-05d5-415b-ab44-e01aac527782","connectionId":3,"connectionCount":3}}
{"t":{"$date":"2024-01-02T22:28:45.743+02:00"},"s":"I",  "c":"NETWORK",  "id":51800,   "ctx":"conn2","msg":"client metadata","attr":{"remote":"127.0.0.1:49632","client":"conn2","doc":{"application":{"name":"mongosh 2.1.1"},"driver":{"name":"nodejs|mongosh","version":"6.3.0|2.1.1"},"platform":"Node.js v20.9.0, LE","os":{"name":"darwin","architecture":"arm64","version":"23.1.0","type":"Darwin"}}}}
{"t":{"$date":"2024-01-02T22:28:45.743+02:00"},"s":"I",  "c":"NETWORK",  "id":51800,   "ctx":"conn3","msg":"client metadata","attr":{"remote":"127.0.0.1:49633","client":"conn3","doc":{"application":{"name":"mongosh 2.1.1"},"driver":{"name":"nodejs|mongosh","version":"6.3.0|2.1.1"},"platform":"Node.js v20.9.0, LE","os":{"name":"darwin","architecture":"arm64","version":"23.1.0","type":"Darwin"}}}}
{"t":{"$date":"2024-01-02T22:28:45.744+02:00"},"s":"I",  "c":"NETWORK",  "id":22943,   "ctx":"listener","msg":"Connection accepted","attr":{"remote":"127.0.0.1:49634","uuid":"14e84a1f-36ad-4b78-a6df-1a2251371a25","connectionId":4,"connectionCount":4}}
{"t":{"$date":"2024-01-02T22:28:45.746+02:00"},"s":"I",  "c":"NETWORK",  "id":51800,   "ctx":"conn4","msg":"client metadata","attr":{"remote":"127.0.0.1:49634","client":"conn4","doc":{"application":{"name":"mongosh 2.1.1"},"driver":{"name":"nodejs|mongosh","version":"6.3.0|2.1.1"},"platform":"Node.js v20.9.0, LE","os":{"name":"darwin","architecture":"arm64","version":"23.1.0","type":"Darwin"}}}}
{"t":{"$date":"2024-01-02T22:28:54.084+02:00"},"s":"I",  "c":"NETWORK",  "id":22943,   "ctx":"listener","msg":"Connection accepted","attr":{"remote":"127.0.0.1:49637","uuid":"fd685445-9a8a-426b-859a-64a8221fe4aa","connectionId":5,"connectionCount":5}}
{"t":{"$date":"2024-01-02T22:28:54.084+02:00"},"s":"I",  "c":"NETWORK",  "id":22943,   "ctx":"listener","msg":"Connection accepted","attr":{"remote":"127.0.0.1:49638","uuid":"ca439a16-9d8a-4f24-be57-3aca6482bcc8","connectionId":6,"connectionCount":6}}
{"t":{"$date":"2024-01-02T22:28:54.086+02:00"},"s":"I",  "c":"NETWORK",  "id":51800,   "ctx":"conn5","msg":"client metadata","attr":{"remote":"127.0.0.1:49637","client":"conn5","doc":{"application":{"name":"mongosh 2.1.1"},"driver":{"name":"nodejs|mongosh","version":"6.3.0|2.1.1"},"platform":"Node.js v20.9.0, LE","os":{"name":"darwin","architecture":"arm64","version":"23.1.0","type":"Darwin"}}}}
{"t":{"$date":"2024-01-02T22:28:54.086+02:00"},"s":"I",  "c":"NETWORK",  "id":51800,   "ctx":"conn6","msg":"client metadata","attr":{"remote":"127.0.0.1:49638","client":"conn6","doc":{"application":{"name":"mongosh 2.1.1"},"driver":{"name":"nodejs|mongosh","version":"6.3.0|2.1.1"},"platform":"Node.js v20.9.0, LE","os":{"name":"darwin","architecture":"arm64","version":"23.1.0","type":"Darwin"}}}}
{"t":{"$date":"2024-01-02T22:28:56.244+02:00"},"s":"I",  "c":"NETWORK",  "id":22943,   "ctx":"listener","msg":"Connection accepted","attr":{"remote":"127.0.0.1:49639","uuid":"729ad9ad-15e8-46a9-9602-fdcbddc4bc89","connectionId":7,"connectionCount":7}}
{"t":{"$date":"2024-01-02T22:28:56.247+02:00"},"s":"I",  "c":"NETWORK",  "id":51800,   "ctx":"conn7","msg":"client metadata","attr":{"remote":"127.0.0.1:49639","client":"conn7","doc":{"application":{"name":"mongosh 2.1.1"},"driver":{"name":"nodejs|mongosh","version":"6.3.0|2.1.1"},"platform":"Node.js v20.9.0, LE","os":{"name":"darwin","architecture":"arm64","version":"23.1.0","type":"Darwin"}}}}
{"t":{"$date":"2024-01-02T22:29:21.259+02:00"},"s":"I",  "c":"STORAGE",  "id":22430,   "ctx":"Checkpointer","msg":"WiredTiger message","attr":{"message":"[1704227361:259357][7568:0x313579000], WT_SESSION.checkpoint: [WT_VERB_CHECKPOINT_PROGRESS] saving checkpoint snapshot min: 3, snapshot max: 3 snapshot count: 0, oldest timestamp: (0, 0) , meta checkpoint timestamp: (0, 0) base write gen: 2091"}}
{"t":{"$date":"2024-01-02T22:30:12.038+02:00"},"s":"I",  "c":"STORAGE",  "id":20320,   "ctx":"conn6","msg":"createCollection","attr":{"namespace":"flights.passengers","uuidDisposition":"generated","uuid":{"uuid":{"$uuid":"f098656b-c50c-4207-8871-f97c4f980770"}},"options":{}}}
{"t":{"$date":"2024-01-02T22:30:12.056+02:00"},"s":"I",  "c":"INDEX",    "id":20345,   "ctx":"conn6","msg":"Index build: done building","attr":{"buildUUID":null,"namespace":"flights.passengers","index":"_id_","commitTimestamp":null}}
{"t":{"$date":"2024-01-02T22:30:20.961+02:00"},"s":"I",  "c":"NETWORK",  "id":22944,   "ctx":"conn2","msg":"Connection ended","attr":{"remote":"127.0.0.1:49632","uuid":"4fce4d2d-39bd-4091-970b-1b460a48af39","connectionId":2,"connectionCount":5}}
{"t":{"$date":"2024-01-02T22:30:20.961+02:00"},"s":"I",  "c":"NETWORK",  "id":22944,   "ctx":"conn6","msg":"Connection ended","attr":{"remote":"127.0.0.1:49638","uuid":"ca439a16-9d8a-4f24-be57-3aca6482bcc8","connectionId":6,"connectionCount":6}}
{"t":{"$date":"2024-01-02T22:30:20.961+02:00"},"s":"I",  "c":"NETWORK",  "id":22944,   "ctx":"conn5","msg":"Connection ended","attr":{"remote":"127.0.0.1:49637","uuid":"fd685445-9a8a-426b-859a-64a8221fe4aa","connectionId":5,"connectionCount":4}}
{"t":{"$date":"2024-01-02T22:30:20.962+02:00"},"s":"I",  "c":"NETWORK",  "id":22944,   "ctx":"conn4","msg":"Connection ended","attr":{"remote":"127.0.0.1:49634","uuid":"14e84a1f-36ad-4b78-a6df-1a2251371a25","connectionId":4,"connectionCount":3}}
{"t":{"$date":"2024-01-02T22:30:20.962+02:00"},"s":"I",  "c":"NETWORK",  "id":22944,   "ctx":"conn3","msg":"Connection ended","attr":{"remote":"127.0.0.1:49633","uuid":"8bdc5999-05d5-415b-ab44-e01aac527782","connectionId":3,"connectionCount":2}}
{"t":{"$date":"2024-01-02T22:30:20.962+02:00"},"s":"I",  "c":"NETWORK",  "id":22944,   "ctx":"conn7","msg":"Connection ended","attr":{"remote":"127.0.0.1:49639","uuid":"729ad9ad-15e8-46a9-9602-fdcbddc4bc89","connectionId":7,"connectionCount":1}}
{"t":{"$date":"2024-01-02T22:30:21.294+02:00"},"s":"I",  "c":"STORAGE",  "id":22430,   "ctx":"Checkpointer","msg":"WiredTiger message","attr":{"message":"[1704227421:294830][7568:0x313579000], WT_SESSION.checkpoint: [WT_VERB_CHECKPOINT_PROGRESS] saving checkpoint snapshot min: 15, snapshot max: 15 snapshot count: 0, oldest timestamp: (0, 0) , meta checkpoint timestamp: (0, 0) base write gen: 2091"}}
{"t":{"$date":"2024-01-02T22:30:21.408+02:00"},"s":"W",  "c":"NETWORK",  "id":4615610, "ctx":"conn1","msg":"Failed to check socket connectivity","attr":{"error":{"code":6,"codeName":"HostUnreachable","errmsg":"Connection closed by peer"}}}
{"t":{"$date":"2024-01-02T22:30:21.409+02:00"},"s":"I",  "c":"-",        "id":20883,   "ctx":"conn1","msg":"Interrupted operation as its client disconnected","attr":{"opId":1416}}
{"t":{"$date":"2024-01-02T22:30:21.417+02:00"},"s":"I",  "c":"NETWORK",  "id":22944,   "ctx":"conn1","msg":"Connection ended","attr":{"remote":"127.0.0.1:49631","uuid":"045cf2b8-e3f4-46c9-8363-85cff62e2805","connectionId":1,"connectionCount":0}}
{"t":{"$date":"2024-01-02T22:30:37.692+02:00"},"s":"I",  "c":"CONTROL",  "id":23377,   "ctx":"SignalHandler","msg":"Received signal","attr":{"signal":2,"error":"Interrupt: 2"}}
{"t":{"$date":"2024-01-02T22:30:37.692+02:00"},"s":"I",  "c":"CONTROL",  "id":23381,   "ctx":"SignalHandler","msg":"will terminate after current cmd ends"}
{"t":{"$date":"2024-01-02T22:30:37.692+02:00"},"s":"I",  "c":"REPL",     "id":4784900, "ctx":"SignalHandler","msg":"Stepping down the ReplicationCoordinator for shutdown","attr":{"waitTimeMillis":15000}}
{"t":{"$date":"2024-01-02T22:30:37.694+02:00"},"s":"I",  "c":"REPL",     "id":4794602, "ctx":"SignalHandler","msg":"Attempting to enter quiesce mode"}
{"t":{"$date":"2024-01-02T22:30:37.694+02:00"},"s":"I",  "c":"COMMAND",  "id":4784901, "ctx":"SignalHandler","msg":"Shutting down the MirrorMaestro"}
{"t":{"$date":"2024-01-02T22:30:37.694+02:00"},"s":"I",  "c":"SHARDING", "id":4784902, "ctx":"SignalHandler","msg":"Shutting down the WaitForMajorityService"}
{"t":{"$date":"2024-01-02T22:30:37.694+02:00"},"s":"I",  "c":"CONTROL",  "id":4784903, "ctx":"SignalHandler","msg":"Shutting down the LogicalSessionCache"}
{"t":{"$date":"2024-01-02T22:30:37.694+02:00"},"s":"I",  "c":"NETWORK",  "id":20562,   "ctx":"SignalHandler","msg":"Shutdown: going to close listening sockets"}
{"t":{"$date":"2024-01-02T22:30:37.694+02:00"},"s":"I",  "c":"NETWORK",  "id":23017,   "ctx":"listener","msg":"removing socket file","attr":{"path":"/tmp/mongodb-27017.sock"}}
{"t":{"$date":"2024-01-02T22:30:37.695+02:00"},"s":"I",  "c":"NETWORK",  "id":4784905, "ctx":"SignalHandler","msg":"Shutting down the global connection pool"}
{"t":{"$date":"2024-01-02T22:30:37.695+02:00"},"s":"I",  "c":"CONTROL",  "id":4784906, "ctx":"SignalHandler","msg":"Shutting down the FlowControlTicketholder"}
{"t":{"$date":"2024-01-02T22:30:37.695+02:00"},"s":"I",  "c":"-",        "id":20520,   "ctx":"SignalHandler","msg":"Stopping further Flow Control ticket acquisitions."}
{"t":{"$date":"2024-01-02T22:30:37.695+02:00"},"s":"I",  "c":"CONTROL",  "id":4784908, "ctx":"SignalHandler","msg":"Shutting down the PeriodicThreadToAbortExpiredTransactions"}
{"t":{"$date":"2024-01-02T22:30:37.695+02:00"},"s":"I",  "c":"REPL",     "id":4784909, "ctx":"SignalHandler","msg":"Shutting down the ReplicationCoordinator"}
{"t":{"$date":"2024-01-02T22:30:37.695+02:00"},"s":"I",  "c":"SHARDING", "id":4784910, "ctx":"SignalHandler","msg":"Shutting down the ShardingInitializationMongoD"}
{"t":{"$date":"2024-01-02T22:30:37.695+02:00"},"s":"I",  "c":"REPL",     "id":4784911, "ctx":"SignalHandler","msg":"Enqueuing the ReplicationStateTransitionLock for shutdown"}
{"t":{"$date":"2024-01-02T22:30:37.695+02:00"},"s":"I",  "c":"-",        "id":4784912, "ctx":"SignalHandler","msg":"Killing all operations for shutdown"}
{"t":{"$date":"2024-01-02T22:30:37.695+02:00"},"s":"I",  "c":"-",        "id":4695300, "ctx":"SignalHandler","msg":"Interrupted all currently running operations","attr":{"opsKilled":3}}
{"t":{"$date":"2024-01-02T22:30:37.695+02:00"},"s":"I",  "c":"TENANT_M", "id":5093807, "ctx":"SignalHandler","msg":"Shutting down all TenantMigrationAccessBlockers on global shutdown"}
{"t":{"$date":"2024-01-02T22:30:37.696+02:00"},"s":"I",  "c":"COMMAND",  "id":4784913, "ctx":"SignalHandler","msg":"Shutting down all open transactions"}
{"t":{"$date":"2024-01-02T22:30:37.696+02:00"},"s":"I",  "c":"REPL",     "id":4784914, "ctx":"SignalHandler","msg":"Acquiring the ReplicationStateTransitionLock for shutdown"}
{"t":{"$date":"2024-01-02T22:30:37.696+02:00"},"s":"I",  "c":"INDEX",    "id":4784915, "ctx":"SignalHandler","msg":"Shutting down the IndexBuildsCoordinator"}
{"t":{"$date":"2024-01-02T22:30:37.696+02:00"},"s":"I",  "c":"REPL",     "id":4784916, "ctx":"SignalHandler","msg":"Reacquiring the ReplicationStateTransitionLock for shutdown"}
{"t":{"$date":"2024-01-02T22:30:37.696+02:00"},"s":"I",  "c":"REPL",     "id":4784917, "ctx":"SignalHandler","msg":"Attempting to mark clean shutdown"}
{"t":{"$date":"2024-01-02T22:30:37.696+02:00"},"s":"I",  "c":"NETWORK",  "id":4784918, "ctx":"SignalHandler","msg":"Shutting down the ReplicaSetMonitor"}
{"t":{"$date":"2024-01-02T22:30:37.696+02:00"},"s":"I",  "c":"SHARDING", "id":4784921, "ctx":"SignalHandler","msg":"Shutting down the MigrationUtilExecutor"}
{"t":{"$date":"2024-01-02T22:30:37.696+02:00"},"s":"I",  "c":"ASIO",     "id":22582,   "ctx":"MigrationUtil-TaskExecutor","msg":"Killing all outstanding egress activity."}
{"t":{"$date":"2024-01-02T22:30:37.696+02:00"},"s":"I",  "c":"COMMAND",  "id":4784923, "ctx":"SignalHandler","msg":"Shutting down the ServiceEntryPoint"}
{"t":{"$date":"2024-01-02T22:30:37.696+02:00"},"s":"I",  "c":"CONTROL",  "id":4784927, "ctx":"SignalHandler","msg":"Shutting down the HealthLog"}
{"t":{"$date":"2024-01-02T22:30:37.696+02:00"},"s":"I",  "c":"CONTROL",  "id":4784928, "ctx":"SignalHandler","msg":"Shutting down the TTL monitor"}
{"t":{"$date":"2024-01-02T22:30:37.696+02:00"},"s":"I",  "c":"INDEX",    "id":3684100, "ctx":"SignalHandler","msg":"Shutting down TTL collection monitor thread"}
{"t":{"$date":"2024-01-02T22:30:37.696+02:00"},"s":"I",  "c":"INDEX",    "id":3684101, "ctx":"SignalHandler","msg":"Finished shutting down TTL collection monitor thread"}
{"t":{"$date":"2024-01-02T22:30:37.696+02:00"},"s":"I",  "c":"CONTROL",  "id":4784929, "ctx":"SignalHandler","msg":"Acquiring the global lock for shutdown"}
{"t":{"$date":"2024-01-02T22:30:37.696+02:00"},"s":"I",  "c":"CONTROL",  "id":4784930, "ctx":"SignalHandler","msg":"Shutting down the storage engine"}
{"t":{"$date":"2024-01-02T22:30:37.696+02:00"},"s":"I",  "c":"STORAGE",  "id":22320,   "ctx":"SignalHandler","msg":"Shutting down journal flusher thread"}
{"t":{"$date":"2024-01-02T22:30:37.696+02:00"},"s":"I",  "c":"STORAGE",  "id":22321,   "ctx":"SignalHandler","msg":"Finished shutting down journal flusher thread"}
{"t":{"$date":"2024-01-02T22:30:37.696+02:00"},"s":"I",  "c":"STORAGE",  "id":22322,   "ctx":"SignalHandler","msg":"Shutting down checkpoint thread"}
{"t":{"$date":"2024-01-02T22:30:37.697+02:00"},"s":"I",  "c":"STORAGE",  "id":22323,   "ctx":"SignalHandler","msg":"Finished shutting down checkpoint thread"}
{"t":{"$date":"2024-01-02T22:30:37.697+02:00"},"s":"I",  "c":"STORAGE",  "id":20282,   "ctx":"SignalHandler","msg":"Deregistering all the collections"}
{"t":{"$date":"2024-01-02T22:30:37.697+02:00"},"s":"I",  "c":"STORAGE",  "id":22261,   "ctx":"SignalHandler","msg":"Timestamp monitor shutting down"}
{"t":{"$date":"2024-01-02T22:30:37.697+02:00"},"s":"I",  "c":"STORAGE",  "id":22317,   "ctx":"SignalHandler","msg":"WiredTigerKVEngine shutting down"}
{"t":{"$date":"2024-01-02T22:30:37.697+02:00"},"s":"I",  "c":"STORAGE",  "id":22318,   "ctx":"SignalHandler","msg":"Shutting down session sweeper thread"}
{"t":{"$date":"2024-01-02T22:30:37.697+02:00"},"s":"I",  "c":"STORAGE",  "id":22319,   "ctx":"SignalHandler","msg":"Finished shutting down session sweeper thread"}
{"t":{"$date":"2024-01-02T22:30:37.697+02:00"},"s":"I",  "c":"STORAGE",  "id":4795902, "ctx":"SignalHandler","msg":"Closing WiredTiger","attr":{"closeConfig":"leak_memory=true,"}}
{"t":{"$date":"2024-01-02T22:30:37.698+02:00"},"s":"I",  "c":"STORAGE",  "id":22430,   "ctx":"SignalHandler","msg":"WiredTiger message","attr":{"message":"[1704227437:698088][7568:0x312cc6000], close_ckpt: [WT_VERB_CHECKPOINT_PROGRESS] saving checkpoint snapshot min: 17, snapshot max: 17 snapshot count: 0, oldest timestamp: (0, 0) , meta checkpoint timestamp: (0, 0) base write gen: 2091"}}
{"t":{"$date":"2024-01-02T22:30:37.727+02:00"},"s":"I",  "c":"STORAGE",  "id":4795901, "ctx":"SignalHandler","msg":"WiredTiger closed","attr":{"durationMillis":30}}
{"t":{"$date":"2024-01-02T22:30:37.727+02:00"},"s":"I",  "c":"STORAGE",  "id":22279,   "ctx":"SignalHandler","msg":"shutdown: removing fs lock..."}
{"t":{"$date":"2024-01-02T22:30:37.727+02:00"},"s":"I",  "c":"-",        "id":4784931, "ctx":"SignalHandler","msg":"Dropping the scope cache for shutdown"}
{"t":{"$date":"2024-01-02T22:30:37.727+02:00"},"s":"I",  "c":"FTDC",     "id":4784926, "ctx":"SignalHandler","msg":"Shutting down full-time data capture"}
{"t":{"$date":"2024-01-02T22:30:37.727+02:00"},"s":"I",  "c":"FTDC",     "id":20626,   "ctx":"SignalHandler","msg":"Shutting down full-time diagnostic data capture"}
{"t":{"$date":"2024-01-02T22:30:37.732+02:00"},"s":"I",  "c":"CONTROL",  "id":20565,   "ctx":"SignalHandler","msg":"Now exiting"}
{"t":{"$date":"2024-01-02T22:30:37.732+02:00"},"s":"I",  "c":"CONTROL",  "id":23138,   "ctx":"SignalHandler","msg":"Shutting down","attr":{"exitCode":0}}
