{"t":{"$date":"2024-01-01T17:15:22.592+02:00"},"s":"I",  "c":"CONTROL",  "id":23285,   "ctx":"-","msg":"Automatically disabling TLS 1.0, to force-enable TLS 1.0 specify --sslDisabledProtocols 'none'"}
{"t":{"$date":"2024-01-01T17:15:23.340+02:00"},"s":"I",  "c":"NETWORK",  "id":4915701, "ctx":"thread1","msg":"Initialized wire specification","attr":{"spec":{"incomingExternalClient":{"minWireVersion":0,"maxWireVersion":13},"incomingInternalClient":{"minWireVersion":0,"maxWireVersion":13},"outgoing":{"minWireVersion":0,"maxWireVersion":13},"isInternalClient":true}}}
{"t":{"$date":"2024-01-01T17:15:23.340+02:00"},"s":"W",  "c":"ASIO",     "id":22601,   "ctx":"thread1","msg":"No TransportLayer configured during NetworkInterface startup"}
{"t":{"$date":"2024-01-01T17:15:23.341+02:00"},"s":"I",  "c":"NETWORK",  "id":4648602, "ctx":"thread1","msg":"Implicit TCP FastOpen in use."}
{"t":{"$date":"2024-01-01T17:15:23.344+02:00"},"s":"W",  "c":"ASIO",     "id":22601,   "ctx":"thread1","msg":"No TransportLayer configured during NetworkInterface startup"}
{"t":{"$date":"2024-01-01T17:15:23.344+02:00"},"s":"I",  "c":"REPL",     "id":5123008, "ctx":"thread1","msg":"Successfully registered PrimaryOnlyService","attr":{"service":"TenantMigrationDonorService","ns":"config.tenantMigrationDonors"}}
{"t":{"$date":"2024-01-01T17:15:23.344+02:00"},"s":"I",  "c":"REPL",     "id":5123008, "ctx":"thread1","msg":"Successfully registered PrimaryOnlyService","attr":{"service":"TenantMigrationRecipientService","ns":"config.tenantMigrationRecipients"}}
{"t":{"$date":"2024-01-01T17:15:23.344+02:00"},"s":"I",  "c":"CONTROL",  "id":5945603, "ctx":"thread1","msg":"Multi threading initialized"}
{"t":{"$date":"2024-01-01T17:15:23.344+02:00"},"s":"I",  "c":"CONTROL",  "id":23316,   "ctx":"thread1","msg":"Trying to start Windows service","attr":{"serviceName":"MongoDB"}}
{"t":{"$date":"2024-01-01T17:15:23.345+02:00"},"s":"I",  "c":"CONTROL",  "id":4615611, "ctx":"initandlisten","msg":"MongoDB starting","attr":{"pid":14980,"port":27017,"dbPath":"C:/לימודים/Lean-MongoDB/Windows/data","architecture":"64-bit","host":"Lirone"}}
{"t":{"$date":"2024-01-01T17:15:23.346+02:00"},"s":"I",  "c":"CONTROL",  "id":23398,   "ctx":"initandlisten","msg":"Target operating system minimum version","attr":{"targetMinOS":"Windows 7/Windows Server 2008 R2"}}
{"t":{"$date":"2024-01-01T17:15:23.346+02:00"},"s":"I",  "c":"CONTROL",  "id":23403,   "ctx":"initandlisten","msg":"Build Info","attr":{"buildInfo":{"version":"5.0.23","gitVersion":"3367195a14d0ba2734d2ba2719294fb974ad0834","modules":[],"allocator":"tcmalloc","environment":{"distmod":"windows","distarch":"x86_64","target_arch":"x86_64"}}}}
{"t":{"$date":"2024-01-01T17:15:23.346+02:00"},"s":"I",  "c":"CONTROL",  "id":51765,   "ctx":"initandlisten","msg":"Operating System","attr":{"os":{"name":"Microsoft Windows 10","version":"10.0 (build 22621)"}}}
{"t":{"$date":"2024-01-01T17:15:23.346+02:00"},"s":"I",  "c":"CONTROL",  "id":21951,   "ctx":"initandlisten","msg":"Options set by command line","attr":{"options":{"config":"C:\\Program Files\\MongoDB\\Server\\5.0\\bin\\mongod.cfg","net":{"bindIp":"127.0.0.1","port":27017},"service":true,"storage":{"dbPath":"C:\\לימודים\\Lean-MongoDB\\Windows\\data","journal":{"enabled":true}},"systemLog":{"destination":"file","logAppend":true,"path":"C:\\לימודים\\Lean-MongoDB\\Windows\\logs\\mongod.log"}}}}
{"t":{"$date":"2024-01-01T17:15:23.348+02:00"},"s":"I",  "c":"STORAGE",  "id":22315,   "ctx":"initandlisten","msg":"Opening WiredTiger","attr":{"config":"create,cache_size=7655M,session_max=33000,eviction=(threads_min=4,threads_max=4),config_base=false,statistics=(fast),log=(enabled=true,archive=true,path=journal,compressor=snappy),builtin_extension_config=(zstd=(compression_level=6)),file_manager=(close_idle_time=600,close_scan_interval=10,close_handle_minimum=250),statistics_log=(wait=0),verbose=[recovery_progress,checkpoint_progress,compact_progress],"}}
{"t":{"$date":"2024-01-01T17:15:23.384+02:00"},"s":"I",  "c":"STORAGE",  "id":22430,   "ctx":"initandlisten","msg":"WiredTiger message","attr":{"message":"[1704122123:383411][14980:140709242480464], txn-recover: [WT_VERB_RECOVERY_ALL] Set global recovery timestamp: (0, 0)"}}
{"t":{"$date":"2024-01-01T17:15:23.384+02:00"},"s":"I",  "c":"STORAGE",  "id":22430,   "ctx":"initandlisten","msg":"WiredTiger message","attr":{"message":"[1704122123:383411][14980:140709242480464], txn-recover: [WT_VERB_RECOVERY_ALL] Set global oldest timestamp: (0, 0)"}}
{"t":{"$date":"2024-01-01T17:15:23.388+02:00"},"s":"I",  "c":"STORAGE",  "id":4795906, "ctx":"initandlisten","msg":"WiredTiger opened","attr":{"durationMillis":40}}
{"t":{"$date":"2024-01-01T17:15:23.388+02:00"},"s":"I",  "c":"RECOVERY", "id":23987,   "ctx":"initandlisten","msg":"WiredTiger recoveryTimestamp","attr":{"recoveryTimestamp":{"$timestamp":{"t":0,"i":0}}}}
{"t":{"$date":"2024-01-01T17:15:23.397+02:00"},"s":"I",  "c":"STORAGE",  "id":22262,   "ctx":"initandlisten","msg":"Timestamp monitor starting"}
{"t":{"$date":"2024-01-01T17:15:23.401+02:00"},"s":"W",  "c":"CONTROL",  "id":22120,   "ctx":"initandlisten","msg":"Access control is not enabled for the database. Read and write access to data and configuration is unrestricted","tags":["startupWarnings"]}
{"t":{"$date":"2024-01-01T17:15:23.402+02:00"},"s":"I",  "c":"STORAGE",  "id":20320,   "ctx":"initandlisten","msg":"createCollection","attr":{"namespace":"admin.system.version","uuidDisposition":"provided","uuid":{"uuid":{"$uuid":"bd9463fb-eae6-4d50-ab7b-bb02fda62d19"}},"options":{"uuid":{"$uuid":"bd9463fb-eae6-4d50-ab7b-bb02fda62d19"}}}}
{"t":{"$date":"2024-01-01T17:15:23.410+02:00"},"s":"I",  "c":"INDEX",    "id":20345,   "ctx":"initandlisten","msg":"Index build: done building","attr":{"buildUUID":null,"namespace":"admin.system.version","index":"_id_","commitTimestamp":null}}
{"t":{"$date":"2024-01-01T17:15:23.410+02:00"},"s":"I",  "c":"REPL",     "id":20459,   "ctx":"initandlisten","msg":"Setting featureCompatibilityVersion","attr":{"newVersion":"5.0"}}
{"t":{"$date":"2024-01-01T17:15:23.410+02:00"},"s":"I",  "c":"NETWORK",  "id":4915702, "ctx":"initandlisten","msg":"Updated wire specification","attr":{"oldSpec":{"incomingExternalClient":{"minWireVersion":0,"maxWireVersion":13},"incomingInternalClient":{"minWireVersion":0,"maxWireVersion":13},"outgoing":{"minWireVersion":0,"maxWireVersion":13},"isInternalClient":true},"newSpec":{"incomingExternalClient":{"minWireVersion":0,"maxWireVersion":13},"incomingInternalClient":{"minWireVersion":13,"maxWireVersion":13},"outgoing":{"minWireVersion":13,"maxWireVersion":13},"isInternalClient":true}}}
{"t":{"$date":"2024-01-01T17:15:23.410+02:00"},"s":"I",  "c":"NETWORK",  "id":4915702, "ctx":"initandlisten","msg":"Updated wire specification","attr":{"oldSpec":{"incomingExternalClient":{"minWireVersion":0,"maxWireVersion":13},"incomingInternalClient":{"minWireVersion":13,"maxWireVersion":13},"outgoing":{"minWireVersion":13,"maxWireVersion":13},"isInternalClient":true},"newSpec":{"incomingExternalClient":{"minWireVersion":0,"maxWireVersion":13},"incomingInternalClient":{"minWireVersion":13,"maxWireVersion":13},"outgoing":{"minWireVersion":13,"maxWireVersion":13},"isInternalClient":true}}}
{"t":{"$date":"2024-01-01T17:15:23.411+02:00"},"s":"I",  "c":"STORAGE",  "id":5071100, "ctx":"initandlisten","msg":"Clearing temp directory"}
{"t":{"$date":"2024-01-01T17:15:23.411+02:00"},"s":"I",  "c":"CONTROL",  "id":20536,   "ctx":"initandlisten","msg":"Flow Control is enabled on this deployment"}
{"t":{"$date":"2024-01-01T17:15:23.992+02:00"},"s":"W",  "c":"FTDC",     "id":23718,   "ctx":"initandlisten","msg":"Failed to initialize Performance Counters for FTDC","attr":{"error":{"code":179,"codeName":"WindowsPdhError","errmsg":"PdhAddEnglishCounterW failed with 'The specified object was not found on the computer.'"}}}
{"t":{"$date":"2024-01-01T17:15:23.992+02:00"},"s":"I",  "c":"FTDC",     "id":20625,   "ctx":"initandlisten","msg":"Initializing full-time diagnostic data capture","attr":{"dataDirectory":"C:/לימודים/Lean-MongoDB/Windows/data/diagnostic.data"}}
{"t":{"$date":"2024-01-01T17:15:23.992+02:00"},"s":"I",  "c":"STORAGE",  "id":20320,   "ctx":"initandlisten","msg":"createCollection","attr":{"namespace":"local.startup_log","uuidDisposition":"generated","uuid":{"uuid":{"$uuid":"3040e665-5d43-4703-8cf0-674e948a151a"}},"options":{"capped":true,"size":10485760}}}
{"t":{"$date":"2024-01-01T17:15:24.001+02:00"},"s":"I",  "c":"INDEX",    "id":20345,   "ctx":"initandlisten","msg":"Index build: done building","attr":{"buildUUID":null,"namespace":"local.startup_log","index":"_id_","commitTimestamp":null}}
{"t":{"$date":"2024-01-01T17:15:24.001+02:00"},"s":"I",  "c":"REPL",     "id":6015317, "ctx":"initandlisten","msg":"Setting new configuration state","attr":{"newState":"ConfigReplicationDisabled","oldState":"ConfigPreStart"}}
{"t":{"$date":"2024-01-01T17:15:24.003+02:00"},"s":"I",  "c":"NETWORK",  "id":23015,   "ctx":"listener","msg":"Listening on","attr":{"address":"127.0.0.1"}}
{"t":{"$date":"2024-01-01T17:15:24.004+02:00"},"s":"I",  "c":"NETWORK",  "id":23016,   "ctx":"listener","msg":"Waiting for connections","attr":{"port":27017,"ssl":"off"}}
{"t":{"$date":"2024-01-01T17:15:24.004+02:00"},"s":"I",  "c":"CONTROL",  "id":20712,   "ctx":"LogicalSessionCacheReap","msg":"Sessions collection is not set up; waiting until next sessions reap interval","attr":{"error":"NamespaceNotFound: config.system.sessions does not exist"}}
{"t":{"$date":"2024-01-01T17:15:24.004+02:00"},"s":"I",  "c":"CONTROL",  "id":20555,   "ctx":"initandlisten","msg":"Service running"}
{"t":{"$date":"2024-01-01T17:15:24.004+02:00"},"s":"I",  "c":"STORAGE",  "id":20320,   "ctx":"LogicalSessionCacheRefresh","msg":"createCollection","attr":{"namespace":"config.system.sessions","uuidDisposition":"generated","uuid":{"uuid":{"$uuid":"f90608e3-ae45-4562-b004-bd1d6ca2e99e"}},"options":{}}}
{"t":{"$date":"2024-01-01T17:15:24.019+02:00"},"s":"I",  "c":"INDEX",    "id":20345,   "ctx":"LogicalSessionCacheRefresh","msg":"Index build: done building","attr":{"buildUUID":null,"namespace":"config.system.sessions","index":"_id_","commitTimestamp":null}}
{"t":{"$date":"2024-01-01T17:15:24.019+02:00"},"s":"I",  "c":"INDEX",    "id":20345,   "ctx":"LogicalSessionCacheRefresh","msg":"Index build: done building","attr":{"buildUUID":null,"namespace":"config.system.sessions","index":"lsidTTLIndex","commitTimestamp":null}}
{"t":{"$date":"2024-01-01T17:16:03.762+02:00"},"s":"I",  "c":"CONTROL",  "id":23315,   "ctx":"serviceShutdown","msg":"Received request from Windows Service Control Manager","attr":{"code":"SERVICE_CONTROL_STOP","inShutdown":"false"}}
{"t":{"$date":"2024-01-01T17:16:03.763+02:00"},"s":"I",  "c":"REPL",     "id":4784900, "ctx":"serviceShutdown","msg":"Stepping down the ReplicationCoordinator for shutdown","attr":{"waitTimeMillis":15000}}
{"t":{"$date":"2024-01-01T17:16:03.763+02:00"},"s":"I",  "c":"REPL",     "id":4794602, "ctx":"serviceShutdown","msg":"Attempting to enter quiesce mode"}
{"t":{"$date":"2024-01-01T17:16:03.763+02:00"},"s":"I",  "c":"COMMAND",  "id":4784901, "ctx":"serviceShutdown","msg":"Shutting down the MirrorMaestro"}
{"t":{"$date":"2024-01-01T17:16:03.763+02:00"},"s":"I",  "c":"SHARDING", "id":4784902, "ctx":"serviceShutdown","msg":"Shutting down the WaitForMajorityService"}
{"t":{"$date":"2024-01-01T17:16:03.763+02:00"},"s":"I",  "c":"CONTROL",  "id":4784903, "ctx":"serviceShutdown","msg":"Shutting down the LogicalSessionCache"}
{"t":{"$date":"2024-01-01T17:16:03.764+02:00"},"s":"I",  "c":"NETWORK",  "id":20562,   "ctx":"serviceShutdown","msg":"Shutdown: going to close listening sockets"}
{"t":{"$date":"2024-01-01T17:16:03.764+02:00"},"s":"I",  "c":"NETWORK",  "id":4784905, "ctx":"serviceShutdown","msg":"Shutting down the global connection pool"}
{"t":{"$date":"2024-01-01T17:16:03.764+02:00"},"s":"I",  "c":"CONTROL",  "id":4784906, "ctx":"serviceShutdown","msg":"Shutting down the FlowControlTicketholder"}
{"t":{"$date":"2024-01-01T17:16:03.764+02:00"},"s":"I",  "c":"-",        "id":20520,   "ctx":"serviceShutdown","msg":"Stopping further Flow Control ticket acquisitions."}
{"t":{"$date":"2024-01-01T17:16:03.764+02:00"},"s":"I",  "c":"CONTROL",  "id":4784908, "ctx":"serviceShutdown","msg":"Shutting down the PeriodicThreadToAbortExpiredTransactions"}
{"t":{"$date":"2024-01-01T17:16:03.764+02:00"},"s":"I",  "c":"REPL",     "id":4784909, "ctx":"serviceShutdown","msg":"Shutting down the ReplicationCoordinator"}
{"t":{"$date":"2024-01-01T17:16:03.764+02:00"},"s":"I",  "c":"SHARDING", "id":4784910, "ctx":"serviceShutdown","msg":"Shutting down the ShardingInitializationMongoD"}
{"t":{"$date":"2024-01-01T17:16:03.764+02:00"},"s":"I",  "c":"REPL",     "id":4784911, "ctx":"serviceShutdown","msg":"Enqueuing the ReplicationStateTransitionLock for shutdown"}
{"t":{"$date":"2024-01-01T17:16:03.764+02:00"},"s":"I",  "c":"-",        "id":4784912, "ctx":"serviceShutdown","msg":"Killing all operations for shutdown"}
{"t":{"$date":"2024-01-01T17:16:03.764+02:00"},"s":"I",  "c":"-",        "id":4695300, "ctx":"serviceShutdown","msg":"Interrupted all currently running operations","attr":{"opsKilled":3}}
{"t":{"$date":"2024-01-01T17:16:03.764+02:00"},"s":"I",  "c":"TENANT_M", "id":5093807, "ctx":"serviceShutdown","msg":"Shutting down all TenantMigrationAccessBlockers on global shutdown"}
{"t":{"$date":"2024-01-01T17:16:03.764+02:00"},"s":"I",  "c":"COMMAND",  "id":4784913, "ctx":"serviceShutdown","msg":"Shutting down all open transactions"}
{"t":{"$date":"2024-01-01T17:16:03.764+02:00"},"s":"I",  "c":"REPL",     "id":4784914, "ctx":"serviceShutdown","msg":"Acquiring the ReplicationStateTransitionLock for shutdown"}
{"t":{"$date":"2024-01-01T17:16:03.764+02:00"},"s":"I",  "c":"INDEX",    "id":4784915, "ctx":"serviceShutdown","msg":"Shutting down the IndexBuildsCoordinator"}
{"t":{"$date":"2024-01-01T17:16:03.764+02:00"},"s":"I",  "c":"REPL",     "id":4784916, "ctx":"serviceShutdown","msg":"Reacquiring the ReplicationStateTransitionLock for shutdown"}
{"t":{"$date":"2024-01-01T17:16:03.764+02:00"},"s":"I",  "c":"REPL",     "id":4784917, "ctx":"serviceShutdown","msg":"Attempting to mark clean shutdown"}
{"t":{"$date":"2024-01-01T17:16:03.764+02:00"},"s":"I",  "c":"NETWORK",  "id":4784918, "ctx":"serviceShutdown","msg":"Shutting down the ReplicaSetMonitor"}
{"t":{"$date":"2024-01-01T17:16:03.764+02:00"},"s":"I",  "c":"SHARDING", "id":4784921, "ctx":"serviceShutdown","msg":"Shutting down the MigrationUtilExecutor"}
{"t":{"$date":"2024-01-01T17:16:03.764+02:00"},"s":"I",  "c":"ASIO",     "id":22582,   "ctx":"MigrationUtil-TaskExecutor","msg":"Killing all outstanding egress activity."}
{"t":{"$date":"2024-01-01T17:16:03.764+02:00"},"s":"I",  "c":"COMMAND",  "id":4784923, "ctx":"serviceShutdown","msg":"Shutting down the ServiceEntryPoint"}
{"t":{"$date":"2024-01-01T17:16:03.764+02:00"},"s":"I",  "c":"CONTROL",  "id":4784927, "ctx":"serviceShutdown","msg":"Shutting down the HealthLog"}
{"t":{"$date":"2024-01-01T17:16:03.765+02:00"},"s":"I",  "c":"CONTROL",  "id":4784928, "ctx":"serviceShutdown","msg":"Shutting down the TTL monitor"}
{"t":{"$date":"2024-01-01T17:16:03.765+02:00"},"s":"I",  "c":"INDEX",    "id":3684100, "ctx":"serviceShutdown","msg":"Shutting down TTL collection monitor thread"}
{"t":{"$date":"2024-01-01T17:16:03.765+02:00"},"s":"I",  "c":"INDEX",    "id":3684101, "ctx":"serviceShutdown","msg":"Finished shutting down TTL collection monitor thread"}
{"t":{"$date":"2024-01-01T17:16:03.765+02:00"},"s":"I",  "c":"CONTROL",  "id":4784929, "ctx":"serviceShutdown","msg":"Acquiring the global lock for shutdown"}
{"t":{"$date":"2024-01-01T17:16:03.765+02:00"},"s":"I",  "c":"CONTROL",  "id":4784930, "ctx":"serviceShutdown","msg":"Shutting down the storage engine"}
{"t":{"$date":"2024-01-01T17:16:03.765+02:00"},"s":"I",  "c":"STORAGE",  "id":22320,   "ctx":"serviceShutdown","msg":"Shutting down journal flusher thread"}
{"t":{"$date":"2024-01-01T17:16:03.765+02:00"},"s":"I",  "c":"STORAGE",  "id":22321,   "ctx":"serviceShutdown","msg":"Finished shutting down journal flusher thread"}
{"t":{"$date":"2024-01-01T17:16:03.765+02:00"},"s":"I",  "c":"STORAGE",  "id":22322,   "ctx":"serviceShutdown","msg":"Shutting down checkpoint thread"}
{"t":{"$date":"2024-01-01T17:16:03.765+02:00"},"s":"I",  "c":"STORAGE",  "id":22323,   "ctx":"serviceShutdown","msg":"Finished shutting down checkpoint thread"}
{"t":{"$date":"2024-01-01T17:16:03.765+02:00"},"s":"I",  "c":"STORAGE",  "id":20282,   "ctx":"serviceShutdown","msg":"Deregistering all the collections"}
{"t":{"$date":"2024-01-01T17:16:03.765+02:00"},"s":"I",  "c":"STORAGE",  "id":22261,   "ctx":"serviceShutdown","msg":"Timestamp monitor shutting down"}
{"t":{"$date":"2024-01-01T17:16:03.765+02:00"},"s":"I",  "c":"STORAGE",  "id":22317,   "ctx":"serviceShutdown","msg":"WiredTigerKVEngine shutting down"}
{"t":{"$date":"2024-01-01T17:16:03.765+02:00"},"s":"I",  "c":"STORAGE",  "id":22318,   "ctx":"serviceShutdown","msg":"Shutting down session sweeper thread"}
{"t":{"$date":"2024-01-01T17:16:03.765+02:00"},"s":"I",  "c":"STORAGE",  "id":22319,   "ctx":"serviceShutdown","msg":"Finished shutting down session sweeper thread"}
{"t":{"$date":"2024-01-01T17:16:03.769+02:00"},"s":"I",  "c":"STORAGE",  "id":4795902, "ctx":"serviceShutdown","msg":"Closing WiredTiger","attr":{"closeConfig":"leak_memory=true,"}}
{"t":{"$date":"2024-01-01T17:16:03.771+02:00"},"s":"I",  "c":"STORAGE",  "id":22430,   "ctx":"serviceShutdown","msg":"WiredTiger message","attr":{"message":"[1704122163:770176][14980:140709242480464], close_ckpt: [WT_VERB_CHECKPOINT_PROGRESS] saving checkpoint snapshot min: 35, snapshot max: 35 snapshot count: 0, oldest timestamp: (0, 0) , meta checkpoint timestamp: (0, 0) base write gen: 1"}}
{"t":{"$date":"2024-01-01T17:16:03.783+02:00"},"s":"I",  "c":"STORAGE",  "id":4795901, "ctx":"serviceShutdown","msg":"WiredTiger closed","attr":{"durationMillis":14}}
{"t":{"$date":"2024-01-01T17:16:03.783+02:00"},"s":"I",  "c":"STORAGE",  "id":22281,   "ctx":"serviceShutdown","msg":"shutdown: removing fs lock..."}
{"t":{"$date":"2024-01-01T17:16:03.783+02:00"},"s":"I",  "c":"-",        "id":4784931, "ctx":"serviceShutdown","msg":"Dropping the scope cache for shutdown"}
{"t":{"$date":"2024-01-01T17:16:03.783+02:00"},"s":"I",  "c":"FTDC",     "id":4784926, "ctx":"serviceShutdown","msg":"Shutting down full-time data capture"}
{"t":{"$date":"2024-01-01T17:16:03.783+02:00"},"s":"I",  "c":"FTDC",     "id":20626,   "ctx":"serviceShutdown","msg":"Shutting down full-time diagnostic data capture"}
{"t":{"$date":"2024-01-01T17:16:03.785+02:00"},"s":"I",  "c":"CONTROL",  "id":20565,   "ctx":"serviceShutdown","msg":"Now exiting"}

{"t":{"$date":"2024-01-01T17:16:40.006+02:00"},"s":"I",  "c":"CONTROL",  "id":20698,   "ctx":"-","msg":"***** SERVER RESTARTED *****"}
{"t":{"$date":"2024-01-01T17:16:40.544+02:00"},"s":"I",  "c":"NETWORK",  "id":4915701, "ctx":"-","msg":"Initialized wire specification","attr":{"spec":{"incomingExternalClient":{"minWireVersion":0,"maxWireVersion":13},"incomingInternalClient":{"minWireVersion":0,"maxWireVersion":13},"outgoing":{"minWireVersion":0,"maxWireVersion":13},"isInternalClient":true}}}
{"t":{"$date":"2024-01-01T17:16:40.548+02:00"},"s":"I",  "c":"CONTROL",  "id":23285,   "ctx":"thread1","msg":"Automatically disabling TLS 1.0, to force-enable TLS 1.0 specify --sslDisabledProtocols 'none'"}
{"t":{"$date":"2024-01-01T17:16:40.548+02:00"},"s":"W",  "c":"ASIO",     "id":22601,   "ctx":"thread1","msg":"No TransportLayer configured during NetworkInterface startup"}
{"t":{"$date":"2024-01-01T17:16:40.548+02:00"},"s":"I",  "c":"NETWORK",  "id":4648602, "ctx":"thread1","msg":"Implicit TCP FastOpen in use."}
{"t":{"$date":"2024-01-01T17:16:40.550+02:00"},"s":"W",  "c":"ASIO",     "id":22601,   "ctx":"thread1","msg":"No TransportLayer configured during NetworkInterface startup"}
{"t":{"$date":"2024-01-01T17:16:40.550+02:00"},"s":"I",  "c":"REPL",     "id":5123008, "ctx":"thread1","msg":"Successfully registered PrimaryOnlyService","attr":{"service":"TenantMigrationDonorService","ns":"config.tenantMigrationDonors"}}
{"t":{"$date":"2024-01-01T17:16:40.550+02:00"},"s":"I",  "c":"REPL",     "id":5123008, "ctx":"thread1","msg":"Successfully registered PrimaryOnlyService","attr":{"service":"TenantMigrationRecipientService","ns":"config.tenantMigrationRecipients"}}
{"t":{"$date":"2024-01-01T17:16:40.550+02:00"},"s":"I",  "c":"CONTROL",  "id":5945603, "ctx":"thread1","msg":"Multi threading initialized"}
{"t":{"$date":"2024-01-01T17:16:40.550+02:00"},"s":"I",  "c":"CONTROL",  "id":23316,   "ctx":"thread1","msg":"Trying to start Windows service","attr":{"serviceName":"MongoDB"}}
{"t":{"$date":"2024-01-01T17:16:40.551+02:00"},"s":"I",  "c":"CONTROL",  "id":4615611, "ctx":"initandlisten","msg":"MongoDB starting","attr":{"pid":19076,"port":27017,"dbPath":"C:/לימודים/Lean-MongoDB/Windows/data","architecture":"64-bit","host":"Lirone"}}
{"t":{"$date":"2024-01-01T17:16:40.551+02:00"},"s":"I",  "c":"CONTROL",  "id":23398,   "ctx":"initandlisten","msg":"Target operating system minimum version","attr":{"targetMinOS":"Windows 7/Windows Server 2008 R2"}}
{"t":{"$date":"2024-01-01T17:16:40.551+02:00"},"s":"I",  "c":"CONTROL",  "id":23403,   "ctx":"initandlisten","msg":"Build Info","attr":{"buildInfo":{"version":"5.0.23","gitVersion":"3367195a14d0ba2734d2ba2719294fb974ad0834","modules":[],"allocator":"tcmalloc","environment":{"distmod":"windows","distarch":"x86_64","target_arch":"x86_64"}}}}
{"t":{"$date":"2024-01-01T17:16:40.551+02:00"},"s":"I",  "c":"CONTROL",  "id":51765,   "ctx":"initandlisten","msg":"Operating System","attr":{"os":{"name":"Microsoft Windows 10","version":"10.0 (build 22621)"}}}
{"t":{"$date":"2024-01-01T17:16:40.551+02:00"},"s":"I",  "c":"CONTROL",  "id":21951,   "ctx":"initandlisten","msg":"Options set by command line","attr":{"options":{"config":"C:\\Program Files\\MongoDB\\Server\\5.0\\bin\\mongod.cfg","net":{"bindIp":"127.0.0.1","port":27017},"service":true,"storage":{"dbPath":"C:\\לימודים\\Lean-MongoDB\\Windows\\data","journal":{"enabled":true}},"systemLog":{"destination":"file","logAppend":true,"path":"C:\\לימודים\\Lean-MongoDB\\Windows\\logs\\mongod.log"}}}}
{"t":{"$date":"2024-01-01T17:16:40.553+02:00"},"s":"I",  "c":"STORAGE",  "id":22270,   "ctx":"initandlisten","msg":"Storage engine to use detected by data files","attr":{"dbpath":"C:/לימודים/Lean-MongoDB/Windows/data","storageEngine":"wiredTiger"}}
{"t":{"$date":"2024-01-01T17:16:40.553+02:00"},"s":"I",  "c":"STORAGE",  "id":22315,   "ctx":"initandlisten","msg":"Opening WiredTiger","attr":{"config":"create,cache_size=7655M,session_max=33000,eviction=(threads_min=4,threads_max=4),config_base=false,statistics=(fast),log=(enabled=true,archive=true,path=journal,compressor=snappy),builtin_extension_config=(zstd=(compression_level=6)),file_manager=(close_idle_time=600,close_scan_interval=10,close_handle_minimum=250),statistics_log=(wait=0),verbose=[recovery_progress,checkpoint_progress,compact_progress],"}}
{"t":{"$date":"2024-01-01T17:16:40.570+02:00"},"s":"I",  "c":"STORAGE",  "id":22430,   "ctx":"initandlisten","msg":"WiredTiger message","attr":{"message":"[1704122200:569715][19076:140709242480464], txn-recover: [WT_VERB_RECOVERY_PROGRESS] Recovering log 1 through 2"}}
{"t":{"$date":"2024-01-01T17:16:40.632+02:00"},"s":"I",  "c":"STORAGE",  "id":22430,   "ctx":"initandlisten","msg":"WiredTiger message","attr":{"message":"[1704122200:631773][19076:140709242480464], txn-recover: [WT_VERB_RECOVERY_PROGRESS] Recovering log 2 through 2"}}
{"t":{"$date":"2024-01-01T17:16:40.705+02:00"},"s":"I",  "c":"STORAGE",  "id":22430,   "ctx":"initandlisten","msg":"WiredTiger message","attr":{"message":"[1704122200:705343][19076:140709242480464], txn-recover: [WT_VERB_RECOVERY_ALL] Main recovery loop: starting at 1/21504 to 2/256"}}
{"t":{"$date":"2024-01-01T17:16:40.815+02:00"},"s":"I",  "c":"STORAGE",  "id":22430,   "ctx":"initandlisten","msg":"WiredTiger message","attr":{"message":"[1704122200:814951][19076:140709242480464], txn-recover: [WT_VERB_RECOVERY_PROGRESS] Recovering log 1 through 2"}}
{"t":{"$date":"2024-01-01T17:16:40.878+02:00"},"s":"I",  "c":"STORAGE",  "id":22430,   "ctx":"initandlisten","msg":"WiredTiger message","attr":{"message":"[1704122200:878514][19076:140709242480464], txn-recover: [WT_VERB_RECOVERY_PROGRESS] Recovering log 2 through 2"}}
{"t":{"$date":"2024-01-01T17:16:40.927+02:00"},"s":"I",  "c":"STORAGE",  "id":22430,   "ctx":"initandlisten","msg":"WiredTiger message","attr":{"message":"[1704122200:927560][19076:140709242480464], txn-recover: [WT_VERB_RECOVERY_ALL] Set global recovery timestamp: (0, 0)"}}
{"t":{"$date":"2024-01-01T17:16:40.927+02:00"},"s":"I",  "c":"STORAGE",  "id":22430,   "ctx":"initandlisten","msg":"WiredTiger message","attr":{"message":"[1704122200:927560][19076:140709242480464], txn-recover: [WT_VERB_RECOVERY_ALL] Set global oldest timestamp: (0, 0)"}}
{"t":{"$date":"2024-01-01T17:16:40.928+02:00"},"s":"I",  "c":"STORAGE",  "id":22430,   "ctx":"initandlisten","msg":"WiredTiger message","attr":{"message":"[1704122200:928562][19076:140709242480464], WT_SESSION.checkpoint: [WT_VERB_CHECKPOINT_PROGRESS] saving checkpoint snapshot min: 1, snapshot max: 1 snapshot count: 0, oldest timestamp: (0, 0) , meta checkpoint timestamp: (0, 0) base write gen: 7"}}
{"t":{"$date":"2024-01-01T17:16:40.934+02:00"},"s":"I",  "c":"STORAGE",  "id":4795906, "ctx":"initandlisten","msg":"WiredTiger opened","attr":{"durationMillis":381}}
{"t":{"$date":"2024-01-01T17:16:40.934+02:00"},"s":"I",  "c":"RECOVERY", "id":23987,   "ctx":"initandlisten","msg":"WiredTiger recoveryTimestamp","attr":{"recoveryTimestamp":{"$timestamp":{"t":0,"i":0}}}}
{"t":{"$date":"2024-01-01T17:16:40.938+02:00"},"s":"I",  "c":"STORAGE",  "id":22262,   "ctx":"initandlisten","msg":"Timestamp monitor starting"}
{"t":{"$date":"2024-01-01T17:16:40.940+02:00"},"s":"W",  "c":"CONTROL",  "id":22120,   "ctx":"initandlisten","msg":"Access control is not enabled for the database. Read and write access to data and configuration is unrestricted","tags":["startupWarnings"]}
{"t":{"$date":"2024-01-01T17:16:40.943+02:00"},"s":"I",  "c":"NETWORK",  "id":4915702, "ctx":"initandlisten","msg":"Updated wire specification","attr":{"oldSpec":{"incomingExternalClient":{"minWireVersion":0,"maxWireVersion":13},"incomingInternalClient":{"minWireVersion":0,"maxWireVersion":13},"outgoing":{"minWireVersion":0,"maxWireVersion":13},"isInternalClient":true},"newSpec":{"incomingExternalClient":{"minWireVersion":0,"maxWireVersion":13},"incomingInternalClient":{"minWireVersion":13,"maxWireVersion":13},"outgoing":{"minWireVersion":13,"maxWireVersion":13},"isInternalClient":true}}}
{"t":{"$date":"2024-01-01T17:16:40.943+02:00"},"s":"I",  "c":"STORAGE",  "id":5071100, "ctx":"initandlisten","msg":"Clearing temp directory"}
{"t":{"$date":"2024-01-01T17:16:40.945+02:00"},"s":"I",  "c":"CONTROL",  "id":20536,   "ctx":"initandlisten","msg":"Flow Control is enabled on this deployment"}
{"t":{"$date":"2024-01-01T17:16:41.296+02:00"},"s":"W",  "c":"FTDC",     "id":23718,   "ctx":"initandlisten","msg":"Failed to initialize Performance Counters for FTDC","attr":{"error":{"code":179,"codeName":"WindowsPdhError","errmsg":"PdhAddEnglishCounterW failed with 'The specified object was not found on the computer.'"}}}
{"t":{"$date":"2024-01-01T17:16:41.296+02:00"},"s":"I",  "c":"FTDC",     "id":20625,   "ctx":"initandlisten","msg":"Initializing full-time diagnostic data capture","attr":{"dataDirectory":"C:/לימודים/Lean-MongoDB/Windows/data/diagnostic.data"}}
{"t":{"$date":"2024-01-01T17:16:41.298+02:00"},"s":"I",  "c":"REPL",     "id":6015317, "ctx":"initandlisten","msg":"Setting new configuration state","attr":{"newState":"ConfigReplicationDisabled","oldState":"ConfigPreStart"}}
{"t":{"$date":"2024-01-01T17:16:41.300+02:00"},"s":"I",  "c":"NETWORK",  "id":23015,   "ctx":"listener","msg":"Listening on","attr":{"address":"127.0.0.1"}}
{"t":{"$date":"2024-01-01T17:16:41.300+02:00"},"s":"I",  "c":"NETWORK",  "id":23016,   "ctx":"listener","msg":"Waiting for connections","attr":{"port":27017,"ssl":"off"}}
{"t":{"$date":"2024-01-01T17:16:41.300+02:00"},"s":"I",  "c":"CONTROL",  "id":20555,   "ctx":"initandlisten","msg":"Service running"}
{"t":{"$date":"2024-01-01T17:16:50.248+02:00"},"s":"I",  "c":"CONTROL",  "id":23315,   "ctx":"serviceShutdown","msg":"Received request from Windows Service Control Manager","attr":{"code":"SERVICE_CONTROL_STOP","inShutdown":"false"}}
{"t":{"$date":"2024-01-01T17:16:50.248+02:00"},"s":"I",  "c":"REPL",     "id":4784900, "ctx":"serviceShutdown","msg":"Stepping down the ReplicationCoordinator for shutdown","attr":{"waitTimeMillis":15000}}
{"t":{"$date":"2024-01-01T17:16:50.248+02:00"},"s":"I",  "c":"REPL",     "id":4794602, "ctx":"serviceShutdown","msg":"Attempting to enter quiesce mode"}
{"t":{"$date":"2024-01-01T17:16:50.248+02:00"},"s":"I",  "c":"COMMAND",  "id":4784901, "ctx":"serviceShutdown","msg":"Shutting down the MirrorMaestro"}
{"t":{"$date":"2024-01-01T17:16:50.249+02:00"},"s":"I",  "c":"SHARDING", "id":4784902, "ctx":"serviceShutdown","msg":"Shutting down the WaitForMajorityService"}
{"t":{"$date":"2024-01-01T17:16:50.249+02:00"},"s":"I",  "c":"CONTROL",  "id":4784903, "ctx":"serviceShutdown","msg":"Shutting down the LogicalSessionCache"}
{"t":{"$date":"2024-01-01T17:16:50.249+02:00"},"s":"I",  "c":"NETWORK",  "id":20562,   "ctx":"serviceShutdown","msg":"Shutdown: going to close listening sockets"}
{"t":{"$date":"2024-01-01T17:16:50.249+02:00"},"s":"I",  "c":"NETWORK",  "id":4784905, "ctx":"serviceShutdown","msg":"Shutting down the global connection pool"}
{"t":{"$date":"2024-01-01T17:16:50.249+02:00"},"s":"I",  "c":"CONTROL",  "id":4784906, "ctx":"serviceShutdown","msg":"Shutting down the FlowControlTicketholder"}
{"t":{"$date":"2024-01-01T17:16:50.249+02:00"},"s":"I",  "c":"-",        "id":20520,   "ctx":"serviceShutdown","msg":"Stopping further Flow Control ticket acquisitions."}
{"t":{"$date":"2024-01-01T17:16:50.249+02:00"},"s":"I",  "c":"CONTROL",  "id":4784908, "ctx":"serviceShutdown","msg":"Shutting down the PeriodicThreadToAbortExpiredTransactions"}
{"t":{"$date":"2024-01-01T17:16:50.249+02:00"},"s":"I",  "c":"REPL",     "id":4784909, "ctx":"serviceShutdown","msg":"Shutting down the ReplicationCoordinator"}
{"t":{"$date":"2024-01-01T17:16:50.249+02:00"},"s":"I",  "c":"SHARDING", "id":4784910, "ctx":"serviceShutdown","msg":"Shutting down the ShardingInitializationMongoD"}
{"t":{"$date":"2024-01-01T17:16:50.249+02:00"},"s":"I",  "c":"REPL",     "id":4784911, "ctx":"serviceShutdown","msg":"Enqueuing the ReplicationStateTransitionLock for shutdown"}
{"t":{"$date":"2024-01-01T17:16:50.249+02:00"},"s":"I",  "c":"-",        "id":4784912, "ctx":"serviceShutdown","msg":"Killing all operations for shutdown"}
{"t":{"$date":"2024-01-01T17:16:50.249+02:00"},"s":"I",  "c":"-",        "id":4695300, "ctx":"serviceShutdown","msg":"Interrupted all currently running operations","attr":{"opsKilled":3}}
{"t":{"$date":"2024-01-01T17:16:50.250+02:00"},"s":"I",  "c":"TENANT_M", "id":5093807, "ctx":"serviceShutdown","msg":"Shutting down all TenantMigrationAccessBlockers on global shutdown"}
{"t":{"$date":"2024-01-01T17:16:50.250+02:00"},"s":"I",  "c":"COMMAND",  "id":4784913, "ctx":"serviceShutdown","msg":"Shutting down all open transactions"}
{"t":{"$date":"2024-01-01T17:16:50.250+02:00"},"s":"I",  "c":"REPL",     "id":4784914, "ctx":"serviceShutdown","msg":"Acquiring the ReplicationStateTransitionLock for shutdown"}
{"t":{"$date":"2024-01-01T17:16:50.250+02:00"},"s":"I",  "c":"INDEX",    "id":4784915, "ctx":"serviceShutdown","msg":"Shutting down the IndexBuildsCoordinator"}
{"t":{"$date":"2024-01-01T17:16:50.250+02:00"},"s":"I",  "c":"REPL",     "id":4784916, "ctx":"serviceShutdown","msg":"Reacquiring the ReplicationStateTransitionLock for shutdown"}
{"t":{"$date":"2024-01-01T17:16:50.250+02:00"},"s":"I",  "c":"REPL",     "id":4784917, "ctx":"serviceShutdown","msg":"Attempting to mark clean shutdown"}
{"t":{"$date":"2024-01-01T17:16:50.250+02:00"},"s":"I",  "c":"NETWORK",  "id":4784918, "ctx":"serviceShutdown","msg":"Shutting down the ReplicaSetMonitor"}
{"t":{"$date":"2024-01-01T17:16:50.250+02:00"},"s":"I",  "c":"SHARDING", "id":4784921, "ctx":"serviceShutdown","msg":"Shutting down the MigrationUtilExecutor"}
{"t":{"$date":"2024-01-01T17:16:50.250+02:00"},"s":"I",  "c":"ASIO",     "id":22582,   "ctx":"MigrationUtil-TaskExecutor","msg":"Killing all outstanding egress activity."}
{"t":{"$date":"2024-01-01T17:16:50.250+02:00"},"s":"I",  "c":"COMMAND",  "id":4784923, "ctx":"serviceShutdown","msg":"Shutting down the ServiceEntryPoint"}
{"t":{"$date":"2024-01-01T17:16:50.250+02:00"},"s":"I",  "c":"CONTROL",  "id":4784927, "ctx":"serviceShutdown","msg":"Shutting down the HealthLog"}
{"t":{"$date":"2024-01-01T17:16:50.250+02:00"},"s":"I",  "c":"CONTROL",  "id":4784928, "ctx":"serviceShutdown","msg":"Shutting down the TTL monitor"}
{"t":{"$date":"2024-01-01T17:16:50.250+02:00"},"s":"I",  "c":"INDEX",    "id":3684100, "ctx":"serviceShutdown","msg":"Shutting down TTL collection monitor thread"}
{"t":{"$date":"2024-01-01T17:16:50.250+02:00"},"s":"I",  "c":"INDEX",    "id":3684101, "ctx":"serviceShutdown","msg":"Finished shutting down TTL collection monitor thread"}
{"t":{"$date":"2024-01-01T17:16:50.250+02:00"},"s":"I",  "c":"CONTROL",  "id":4784929, "ctx":"serviceShutdown","msg":"Acquiring the global lock for shutdown"}
{"t":{"$date":"2024-01-01T17:16:50.250+02:00"},"s":"I",  "c":"CONTROL",  "id":4784930, "ctx":"serviceShutdown","msg":"Shutting down the storage engine"}
{"t":{"$date":"2024-01-01T17:16:50.250+02:00"},"s":"I",  "c":"STORAGE",  "id":22320,   "ctx":"serviceShutdown","msg":"Shutting down journal flusher thread"}
{"t":{"$date":"2024-01-01T17:16:50.250+02:00"},"s":"I",  "c":"STORAGE",  "id":22321,   "ctx":"serviceShutdown","msg":"Finished shutting down journal flusher thread"}
{"t":{"$date":"2024-01-01T17:16:50.250+02:00"},"s":"I",  "c":"STORAGE",  "id":22322,   "ctx":"serviceShutdown","msg":"Shutting down checkpoint thread"}
{"t":{"$date":"2024-01-01T17:16:50.250+02:00"},"s":"I",  "c":"STORAGE",  "id":22323,   "ctx":"serviceShutdown","msg":"Finished shutting down checkpoint thread"}
{"t":{"$date":"2024-01-01T17:16:50.250+02:00"},"s":"I",  "c":"STORAGE",  "id":20282,   "ctx":"serviceShutdown","msg":"Deregistering all the collections"}
{"t":{"$date":"2024-01-01T17:16:50.250+02:00"},"s":"I",  "c":"STORAGE",  "id":22261,   "ctx":"serviceShutdown","msg":"Timestamp monitor shutting down"}
{"t":{"$date":"2024-01-01T17:16:50.250+02:00"},"s":"I",  "c":"STORAGE",  "id":22317,   "ctx":"serviceShutdown","msg":"WiredTigerKVEngine shutting down"}
{"t":{"$date":"2024-01-01T17:16:50.251+02:00"},"s":"I",  "c":"STORAGE",  "id":22318,   "ctx":"serviceShutdown","msg":"Shutting down session sweeper thread"}
{"t":{"$date":"2024-01-01T17:16:50.251+02:00"},"s":"I",  "c":"STORAGE",  "id":22319,   "ctx":"serviceShutdown","msg":"Finished shutting down session sweeper thread"}
{"t":{"$date":"2024-01-01T17:16:50.254+02:00"},"s":"I",  "c":"STORAGE",  "id":4795902, "ctx":"serviceShutdown","msg":"Closing WiredTiger","attr":{"closeConfig":"leak_memory=true,"}}
{"t":{"$date":"2024-01-01T17:16:50.256+02:00"},"s":"I",  "c":"STORAGE",  "id":22430,   "ctx":"serviceShutdown","msg":"WiredTiger message","attr":{"message":"[1704122210:255934][19076:140709242480464], close_ckpt: [WT_VERB_CHECKPOINT_PROGRESS] saving checkpoint snapshot min: 4, snapshot max: 4 snapshot count: 0, oldest timestamp: (0, 0) , meta checkpoint timestamp: (0, 0) base write gen: 7"}}
{"t":{"$date":"2024-01-01T17:16:50.265+02:00"},"s":"I",  "c":"STORAGE",  "id":4795901, "ctx":"serviceShutdown","msg":"WiredTiger closed","attr":{"durationMillis":11}}
{"t":{"$date":"2024-01-01T17:16:50.265+02:00"},"s":"I",  "c":"STORAGE",  "id":22281,   "ctx":"serviceShutdown","msg":"shutdown: removing fs lock..."}
{"t":{"$date":"2024-01-01T17:16:50.266+02:00"},"s":"I",  "c":"-",        "id":4784931, "ctx":"serviceShutdown","msg":"Dropping the scope cache for shutdown"}
{"t":{"$date":"2024-01-01T17:16:50.266+02:00"},"s":"I",  "c":"FTDC",     "id":4784926, "ctx":"serviceShutdown","msg":"Shutting down full-time data capture"}
{"t":{"$date":"2024-01-01T17:16:50.266+02:00"},"s":"I",  "c":"FTDC",     "id":20626,   "ctx":"serviceShutdown","msg":"Shutting down full-time diagnostic data capture"}
{"t":{"$date":"2024-01-01T17:16:50.268+02:00"},"s":"I",  "c":"CONTROL",  "id":20565,   "ctx":"serviceShutdown","msg":"Now exiting"}

{"t":{"$date":"2024-01-01T17:23:50.152+02:00"},"s":"I",  "c":"CONTROL",  "id":20698,   "ctx":"-","msg":"***** SERVER RESTARTED *****"}
{"t":{"$date":"2024-01-01T17:23:50.156+02:00"},"s":"I",  "c":"CONTROL",  "id":23285,   "ctx":"thread1","msg":"Automatically disabling TLS 1.0, to force-enable TLS 1.0 specify --sslDisabledProtocols 'none'"}
{"t":{"$date":"2024-01-01T17:23:50.156+02:00"},"s":"I",  "c":"NETWORK",  "id":4915701, "ctx":"thread1","msg":"Initialized wire specification","attr":{"spec":{"incomingExternalClient":{"minWireVersion":0,"maxWireVersion":13},"incomingInternalClient":{"minWireVersion":0,"maxWireVersion":13},"outgoing":{"minWireVersion":0,"maxWireVersion":13},"isInternalClient":true}}}
{"t":{"$date":"2024-01-01T17:23:50.693+02:00"},"s":"W",  "c":"ASIO",     "id":22601,   "ctx":"thread1","msg":"No TransportLayer configured during NetworkInterface startup"}
{"t":{"$date":"2024-01-01T17:23:50.693+02:00"},"s":"I",  "c":"NETWORK",  "id":4648602, "ctx":"thread1","msg":"Implicit TCP FastOpen in use."}
{"t":{"$date":"2024-01-01T17:23:50.695+02:00"},"s":"W",  "c":"ASIO",     "id":22601,   "ctx":"thread1","msg":"No TransportLayer configured during NetworkInterface startup"}
{"t":{"$date":"2024-01-01T17:23:50.695+02:00"},"s":"I",  "c":"REPL",     "id":5123008, "ctx":"thread1","msg":"Successfully registered PrimaryOnlyService","attr":{"service":"TenantMigrationDonorService","ns":"config.tenantMigrationDonors"}}
{"t":{"$date":"2024-01-01T17:23:50.695+02:00"},"s":"I",  "c":"REPL",     "id":5123008, "ctx":"thread1","msg":"Successfully registered PrimaryOnlyService","attr":{"service":"TenantMigrationRecipientService","ns":"config.tenantMigrationRecipients"}}
{"t":{"$date":"2024-01-01T17:23:50.695+02:00"},"s":"I",  "c":"CONTROL",  "id":5945603, "ctx":"thread1","msg":"Multi threading initialized"}
{"t":{"$date":"2024-01-01T17:23:50.695+02:00"},"s":"I",  "c":"CONTROL",  "id":23316,   "ctx":"thread1","msg":"Trying to start Windows service","attr":{"serviceName":"MongoDB"}}
{"t":{"$date":"2024-01-01T17:23:50.697+02:00"},"s":"I",  "c":"CONTROL",  "id":4615611, "ctx":"initandlisten","msg":"MongoDB starting","attr":{"pid":18972,"port":27017,"dbPath":"C:/לימודים/Lean-MongoDB/Windows/data","architecture":"64-bit","host":"Lirone"}}
{"t":{"$date":"2024-01-01T17:23:50.697+02:00"},"s":"I",  "c":"CONTROL",  "id":23398,   "ctx":"initandlisten","msg":"Target operating system minimum version","attr":{"targetMinOS":"Windows 7/Windows Server 2008 R2"}}
{"t":{"$date":"2024-01-01T17:23:50.697+02:00"},"s":"I",  "c":"CONTROL",  "id":23403,   "ctx":"initandlisten","msg":"Build Info","attr":{"buildInfo":{"version":"5.0.23","gitVersion":"3367195a14d0ba2734d2ba2719294fb974ad0834","modules":[],"allocator":"tcmalloc","environment":{"distmod":"windows","distarch":"x86_64","target_arch":"x86_64"}}}}
{"t":{"$date":"2024-01-01T17:23:50.697+02:00"},"s":"I",  "c":"CONTROL",  "id":51765,   "ctx":"initandlisten","msg":"Operating System","attr":{"os":{"name":"Microsoft Windows 10","version":"10.0 (build 22621)"}}}
{"t":{"$date":"2024-01-01T17:23:50.697+02:00"},"s":"I",  "c":"CONTROL",  "id":21951,   "ctx":"initandlisten","msg":"Options set by command line","attr":{"options":{"config":"C:\\Program Files\\MongoDB\\Server\\5.0\\bin\\mongod.cfg","net":{"bindIp":"127.0.0.1","port":27017},"service":true,"storage":{"dbPath":"C:\\לימודים\\Lean-MongoDB\\Windows\\data","journal":{"enabled":true}},"systemLog":{"destination":"file","logAppend":true,"path":"C:\\לימודים\\Lean-MongoDB\\Windows\\logs\\mongod.log"}}}}
{"t":{"$date":"2024-01-01T17:23:50.698+02:00"},"s":"I",  "c":"STORAGE",  "id":22270,   "ctx":"initandlisten","msg":"Storage engine to use detected by data files","attr":{"dbpath":"C:/לימודים/Lean-MongoDB/Windows/data","storageEngine":"wiredTiger"}}
{"t":{"$date":"2024-01-01T17:23:50.698+02:00"},"s":"I",  "c":"STORAGE",  "id":22315,   "ctx":"initandlisten","msg":"Opening WiredTiger","attr":{"config":"create,cache_size=7655M,session_max=33000,eviction=(threads_min=4,threads_max=4),config_base=false,statistics=(fast),log=(enabled=true,archive=true,path=journal,compressor=snappy),builtin_extension_config=(zstd=(compression_level=6)),file_manager=(close_idle_time=600,close_scan_interval=10,close_handle_minimum=250),statistics_log=(wait=0),verbose=[recovery_progress,checkpoint_progress,compact_progress],"}}
{"t":{"$date":"2024-01-01T17:23:50.712+02:00"},"s":"I",  "c":"STORAGE",  "id":22430,   "ctx":"initandlisten","msg":"WiredTiger message","attr":{"message":"[1704122630:711694][18972:140709242480464], txn-recover: [WT_VERB_RECOVERY_PROGRESS] Recovering log 2 through 3"}}
{"t":{"$date":"2024-01-01T17:23:50.762+02:00"},"s":"I",  "c":"STORAGE",  "id":22430,   "ctx":"initandlisten","msg":"WiredTiger message","attr":{"message":"[1704122630:761742][18972:140709242480464], txn-recover: [WT_VERB_RECOVERY_PROGRESS] Recovering log 3 through 3"}}
{"t":{"$date":"2024-01-01T17:23:50.833+02:00"},"s":"I",  "c":"STORAGE",  "id":22430,   "ctx":"initandlisten","msg":"WiredTiger message","attr":{"message":"[1704122630:833313][18972:140709242480464], txn-recover: [WT_VERB_RECOVERY_ALL] Main recovery loop: starting at 2/4480 to 3/256"}}
{"t":{"$date":"2024-01-01T17:23:50.932+02:00"},"s":"I",  "c":"STORAGE",  "id":22430,   "ctx":"initandlisten","msg":"WiredTiger message","attr":{"message":"[1704122630:932910][18972:140709242480464], txn-recover: [WT_VERB_RECOVERY_PROGRESS] Recovering log 2 through 3"}}
{"t":{"$date":"2024-01-01T17:23:50.993+02:00"},"s":"I",  "c":"STORAGE",  "id":22430,   "ctx":"initandlisten","msg":"WiredTiger message","attr":{"message":"[1704122630:992471][18972:140709242480464], txn-recover: [WT_VERB_RECOVERY_PROGRESS] Recovering log 3 through 3"}}
{"t":{"$date":"2024-01-01T17:23:51.040+02:00"},"s":"I",  "c":"STORAGE",  "id":22430,   "ctx":"initandlisten","msg":"WiredTiger message","attr":{"message":"[1704122631:39524][18972:140709242480464], txn-recover: [WT_VERB_RECOVERY_ALL] Set global recovery timestamp: (0, 0)"}}
{"t":{"$date":"2024-01-01T17:23:51.040+02:00"},"s":"I",  "c":"STORAGE",  "id":22430,   "ctx":"initandlisten","msg":"WiredTiger message","attr":{"message":"[1704122631:39524][18972:140709242480464], txn-recover: [WT_VERB_RECOVERY_ALL] Set global oldest timestamp: (0, 0)"}}
{"t":{"$date":"2024-01-01T17:23:51.041+02:00"},"s":"I",  "c":"STORAGE",  "id":22430,   "ctx":"initandlisten","msg":"WiredTiger message","attr":{"message":"[1704122631:40525][18972:140709242480464], WT_SESSION.checkpoint: [WT_VERB_CHECKPOINT_PROGRESS] saving checkpoint snapshot min: 1, snapshot max: 1 snapshot count: 0, oldest timestamp: (0, 0) , meta checkpoint timestamp: (0, 0) base write gen: 15"}}
{"t":{"$date":"2024-01-01T17:23:51.046+02:00"},"s":"I",  "c":"STORAGE",  "id":4795906, "ctx":"initandlisten","msg":"WiredTiger opened","attr":{"durationMillis":348}}
{"t":{"$date":"2024-01-01T17:23:51.046+02:00"},"s":"I",  "c":"RECOVERY", "id":23987,   "ctx":"initandlisten","msg":"WiredTiger recoveryTimestamp","attr":{"recoveryTimestamp":{"$timestamp":{"t":0,"i":0}}}}
{"t":{"$date":"2024-01-01T17:23:51.050+02:00"},"s":"I",  "c":"STORAGE",  "id":22262,   "ctx":"initandlisten","msg":"Timestamp monitor starting"}
{"t":{"$date":"2024-01-01T17:23:51.051+02:00"},"s":"W",  "c":"CONTROL",  "id":22120,   "ctx":"initandlisten","msg":"Access control is not enabled for the database. Read and write access to data and configuration is unrestricted","tags":["startupWarnings"]}
{"t":{"$date":"2024-01-01T17:23:51.055+02:00"},"s":"I",  "c":"NETWORK",  "id":4915702, "ctx":"initandlisten","msg":"Updated wire specification","attr":{"oldSpec":{"incomingExternalClient":{"minWireVersion":0,"maxWireVersion":13},"incomingInternalClient":{"minWireVersion":0,"maxWireVersion":13},"outgoing":{"minWireVersion":0,"maxWireVersion":13},"isInternalClient":true},"newSpec":{"incomingExternalClient":{"minWireVersion":0,"maxWireVersion":13},"incomingInternalClient":{"minWireVersion":13,"maxWireVersion":13},"outgoing":{"minWireVersion":13,"maxWireVersion":13},"isInternalClient":true}}}
{"t":{"$date":"2024-01-01T17:23:51.055+02:00"},"s":"I",  "c":"STORAGE",  "id":5071100, "ctx":"initandlisten","msg":"Clearing temp directory"}
{"t":{"$date":"2024-01-01T17:23:51.057+02:00"},"s":"I",  "c":"CONTROL",  "id":20536,   "ctx":"initandlisten","msg":"Flow Control is enabled on this deployment"}
{"t":{"$date":"2024-01-01T17:23:51.407+02:00"},"s":"W",  "c":"FTDC",     "id":23718,   "ctx":"initandlisten","msg":"Failed to initialize Performance Counters for FTDC","attr":{"error":{"code":179,"codeName":"WindowsPdhError","errmsg":"PdhAddEnglishCounterW failed with 'The specified object was not found on the computer.'"}}}
{"t":{"$date":"2024-01-01T17:23:51.407+02:00"},"s":"I",  "c":"FTDC",     "id":20625,   "ctx":"initandlisten","msg":"Initializing full-time diagnostic data capture","attr":{"dataDirectory":"C:/לימודים/Lean-MongoDB/Windows/data/diagnostic.data"}}
{"t":{"$date":"2024-01-01T17:23:51.409+02:00"},"s":"I",  "c":"REPL",     "id":6015317, "ctx":"initandlisten","msg":"Setting new configuration state","attr":{"newState":"ConfigReplicationDisabled","oldState":"ConfigPreStart"}}
{"t":{"$date":"2024-01-01T17:23:51.411+02:00"},"s":"I",  "c":"NETWORK",  "id":23015,   "ctx":"listener","msg":"Listening on","attr":{"address":"127.0.0.1"}}
{"t":{"$date":"2024-01-01T17:23:51.411+02:00"},"s":"I",  "c":"NETWORK",  "id":23016,   "ctx":"listener","msg":"Waiting for connections","attr":{"port":27017,"ssl":"off"}}
{"t":{"$date":"2024-01-01T17:23:51.411+02:00"},"s":"I",  "c":"CONTROL",  "id":20555,   "ctx":"initandlisten","msg":"Service running"}
{"t":{"$date":"2024-01-01T17:23:58.145+02:00"},"s":"I",  "c":"NETWORK",  "id":22943,   "ctx":"listener","msg":"Connection accepted","attr":{"remote":"127.0.0.1:56228","uuid":"a8b80548-c116-483e-b6df-a2945b48afcc","connectionId":1,"connectionCount":1}}
{"t":{"$date":"2024-01-01T17:23:58.146+02:00"},"s":"I",  "c":"NETWORK",  "id":51800,   "ctx":"conn1","msg":"client metadata","attr":{"remote":"127.0.0.1:56228","client":"conn1","doc":{"application":{"name":"MongoDB Shell"},"driver":{"name":"MongoDB Internal Client","version":"5.0.23"},"os":{"type":"Windows","name":"Microsoft Windows 10","architecture":"x86_64","version":"10.0 (build 22621)"}}}}
{"t":{"$date":"2024-01-01T17:24:03.505+02:00"},"s":"I",  "c":"NETWORK",  "id":22943,   "ctx":"listener","msg":"Connection accepted","attr":{"remote":"127.0.0.1:56232","uuid":"3f01e0fc-a996-4be1-9b95-c9b25263e945","connectionId":2,"connectionCount":2}}
{"t":{"$date":"2024-01-01T17:24:03.505+02:00"},"s":"I",  "c":"NETWORK",  "id":51800,   "ctx":"conn2","msg":"client metadata","attr":{"remote":"127.0.0.1:56232","client":"conn2","doc":{"application":{"name":"MongoDB Shell"},"driver":{"name":"MongoDB Internal Client","version":"5.0.23"},"os":{"type":"Windows","name":"Microsoft Windows 10","architecture":"x86_64","version":"10.0 (build 22621)"}}}}
{"t":{"$date":"2024-01-01T17:24:08.448+02:00"},"s":"I",  "c":"NETWORK",  "id":22944,   "ctx":"conn2","msg":"Connection ended","attr":{"remote":"127.0.0.1:56232","uuid":"3f01e0fc-a996-4be1-9b95-c9b25263e945","connectionId":2,"connectionCount":1}}
{"t":{"$date":"2024-01-01T17:24:10.422+02:00"},"s":"I",  "c":"NETWORK",  "id":22944,   "ctx":"conn1","msg":"Connection ended","attr":{"remote":"127.0.0.1:56228","uuid":"a8b80548-c116-483e-b6df-a2945b48afcc","connectionId":1,"connectionCount":0}}
{"t":{"$date":"2024-01-01T17:24:23.161+02:00"},"s":"I",  "c":"NETWORK",  "id":22943,   "ctx":"listener","msg":"Connection accepted","attr":{"remote":"127.0.0.1:56239","uuid":"ea1511d2-9e51-4437-81cd-2a8ca21b3785","connectionId":3,"connectionCount":1}}
{"t":{"$date":"2024-01-01T17:24:23.161+02:00"},"s":"I",  "c":"NETWORK",  "id":51800,   "ctx":"conn3","msg":"client metadata","attr":{"remote":"127.0.0.1:56239","client":"conn3","doc":{"application":{"name":"MongoDB Shell"},"driver":{"name":"MongoDB Internal Client","version":"5.0.23"},"os":{"type":"Windows","name":"Microsoft Windows 10","architecture":"x86_64","version":"10.0 (build 22621)"}}}}
{"t":{"$date":"2024-01-01T17:24:51.053+02:00"},"s":"I",  "c":"STORAGE",  "id":22430,   "ctx":"Checkpointer","msg":"WiredTiger message","attr":{"message":"[1704122691:52463][18972:140709242480464], WT_SESSION.checkpoint: [WT_VERB_CHECKPOINT_PROGRESS] saving checkpoint snapshot min: 3, snapshot max: 3 snapshot count: 0, oldest timestamp: (0, 0) , meta checkpoint timestamp: (0, 0) base write gen: 15"}}
{"t":{"$date":"2024-01-01T17:25:05.817+02:00"},"s":"I",  "c":"NETWORK",  "id":22944,   "ctx":"conn3","msg":"Connection ended","attr":{"remote":"127.0.0.1:56239","uuid":"ea1511d2-9e51-4437-81cd-2a8ca21b3785","connectionId":3,"connectionCount":0}}
{"t":{"$date":"2024-01-01T17:25:51.062+02:00"},"s":"I",  "c":"STORAGE",  "id":22430,   "ctx":"Checkpointer","msg":"WiredTiger message","attr":{"message":"[1704122751:62189][18972:140709242480464], WT_SESSION.checkpoint: [WT_VERB_CHECKPOINT_PROGRESS] saving checkpoint snapshot min: 6, snapshot max: 6 snapshot count: 0, oldest timestamp: (0, 0) , meta checkpoint timestamp: (0, 0) base write gen: 15"}}
{"t":{"$date":"2024-01-01T17:26:51.076+02:00"},"s":"I",  "c":"STORAGE",  "id":22430,   "ctx":"Checkpointer","msg":"WiredTiger message","attr":{"message":"[1704122811:76467][18972:140709242480464], WT_SESSION.checkpoint: [WT_VERB_CHECKPOINT_PROGRESS] saving checkpoint snapshot min: 8, snapshot max: 8 snapshot count: 0, oldest timestamp: (0, 0) , meta checkpoint timestamp: (0, 0) base write gen: 15"}}
{"t":{"$date":"2024-01-01T17:27:51.083+02:00"},"s":"I",  "c":"STORAGE",  "id":22430,   "ctx":"Checkpointer","msg":"WiredTiger message","attr":{"message":"[1704122871:83488][18972:140709242480464], WT_SESSION.checkpoint: [WT_VERB_CHECKPOINT_PROGRESS] saving checkpoint snapshot min: 10, snapshot max: 10 snapshot count: 0, oldest timestamp: (0, 0) , meta checkpoint timestamp: (0, 0) base write gen: 15"}}
{"t":{"$date":"2024-01-01T17:28:51.092+02:00"},"s":"I",  "c":"STORAGE",  "id":22430,   "ctx":"Checkpointer","msg":"WiredTiger message","attr":{"message":"[1704122931:92201][18972:140709242480464], WT_SESSION.checkpoint: [WT_VERB_CHECKPOINT_PROGRESS] saving checkpoint snapshot min: 12, snapshot max: 12 snapshot count: 0, oldest timestamp: (0, 0) , meta checkpoint timestamp: (0, 0) base write gen: 15"}}
{"t":{"$date":"2024-01-01T17:29:51.097+02:00"},"s":"I",  "c":"STORAGE",  "id":22430,   "ctx":"Checkpointer","msg":"WiredTiger message","attr":{"message":"[1704122991:97070][18972:140709242480464], WT_SESSION.checkpoint: [WT_VERB_CHECKPOINT_PROGRESS] saving checkpoint snapshot min: 17, snapshot max: 17 snapshot count: 0, oldest timestamp: (0, 0) , meta checkpoint timestamp: (0, 0) base write gen: 15"}}
{"t":{"$date":"2024-01-01T17:30:51.104+02:00"},"s":"I",  "c":"STORAGE",  "id":22430,   "ctx":"Checkpointer","msg":"WiredTiger message","attr":{"message":"[1704123051:103849][18972:140709242480464], WT_SESSION.checkpoint: [WT_VERB_CHECKPOINT_PROGRESS] saving checkpoint snapshot min: 20, snapshot max: 20 snapshot count: 0, oldest timestamp: (0, 0) , meta checkpoint timestamp: (0, 0) base write gen: 15"}}
{"t":{"$date":"2024-01-01T17:31:51.113+02:00"},"s":"I",  "c":"STORAGE",  "id":22430,   "ctx":"Checkpointer","msg":"WiredTiger message","attr":{"message":"[1704123111:113112][18972:140709242480464], WT_SESSION.checkpoint: [WT_VERB_CHECKPOINT_PROGRESS] saving checkpoint snapshot min: 22, snapshot max: 22 snapshot count: 0, oldest timestamp: (0, 0) , meta checkpoint timestamp: (0, 0) base write gen: 15"}}
{"t":{"$date":"2024-01-01T17:32:51.121+02:00"},"s":"I",  "c":"STORAGE",  "id":22430,   "ctx":"Checkpointer","msg":"WiredTiger message","attr":{"message":"[1704123171:121095][18972:140709242480464], WT_SESSION.checkpoint: [WT_VERB_CHECKPOINT_PROGRESS] saving checkpoint snapshot min: 24, snapshot max: 24 snapshot count: 0, oldest timestamp: (0, 0) , meta checkpoint timestamp: (0, 0) base write gen: 15"}}
{"t":{"$date":"2024-01-01T17:33:51.125+02:00"},"s":"I",  "c":"STORAGE",  "id":22430,   "ctx":"Checkpointer","msg":"WiredTiger message","attr":{"message":"[1704123231:125453][18972:140709242480464], WT_SESSION.checkpoint: [WT_VERB_CHECKPOINT_PROGRESS] saving checkpoint snapshot min: 26, snapshot max: 26 snapshot count: 0, oldest timestamp: (0, 0) , meta checkpoint timestamp: (0, 0) base write gen: 15"}}
{"t":{"$date":"2024-01-01T17:34:51.133+02:00"},"s":"I",  "c":"STORAGE",  "id":22430,   "ctx":"Checkpointer","msg":"WiredTiger message","attr":{"message":"[1704123291:133261][18972:140709242480464], WT_SESSION.checkpoint: [WT_VERB_CHECKPOINT_PROGRESS] saving checkpoint snapshot min: 28, snapshot max: 28 snapshot count: 0, oldest timestamp: (0, 0) , meta checkpoint timestamp: (0, 0) base write gen: 15"}}
{"t":{"$date":"2024-01-01T17:35:51.139+02:00"},"s":"I",  "c":"STORAGE",  "id":22430,   "ctx":"Checkpointer","msg":"WiredTiger message","attr":{"message":"[1704123351:139272][18972:140709242480464], WT_SESSION.checkpoint: [WT_VERB_CHECKPOINT_PROGRESS] saving checkpoint snapshot min: 30, snapshot max: 30 snapshot count: 0, oldest timestamp: (0, 0) , meta checkpoint timestamp: (0, 0) base write gen: 15"}}
{"t":{"$date":"2024-01-01T17:36:51.148+02:00"},"s":"I",  "c":"STORAGE",  "id":22430,   "ctx":"Checkpointer","msg":"WiredTiger message","attr":{"message":"[1704123411:148121][18972:140709242480464], WT_SESSION.checkpoint: [WT_VERB_CHECKPOINT_PROGRESS] saving checkpoint snapshot min: 32, snapshot max: 32 snapshot count: 0, oldest timestamp: (0, 0) , meta checkpoint timestamp: (0, 0) base write gen: 15"}}
{"t":{"$date":"2024-01-01T17:37:51.157+02:00"},"s":"I",  "c":"STORAGE",  "id":22430,   "ctx":"Checkpointer","msg":"WiredTiger message","attr":{"message":"[1704123471:156982][18972:140709242480464], WT_SESSION.checkpoint: [WT_VERB_CHECKPOINT_PROGRESS] saving checkpoint snapshot min: 34, snapshot max: 34 snapshot count: 0, oldest timestamp: (0, 0) , meta checkpoint timestamp: (0, 0) base write gen: 15"}}
{"t":{"$date":"2024-01-01T17:38:51.165+02:00"},"s":"I",  "c":"STORAGE",  "id":22430,   "ctx":"Checkpointer","msg":"WiredTiger message","attr":{"message":"[1704123531:164967][18972:140709242480464], WT_SESSION.checkpoint: [WT_VERB_CHECKPOINT_PROGRESS] saving checkpoint snapshot min: 36, snapshot max: 36 snapshot count: 0, oldest timestamp: (0, 0) , meta checkpoint timestamp: (0, 0) base write gen: 15"}}
{"t":{"$date":"2024-01-01T17:39:51.172+02:00"},"s":"I",  "c":"STORAGE",  "id":22430,   "ctx":"Checkpointer","msg":"WiredTiger message","attr":{"message":"[1704123591:172093][18972:140709242480464], WT_SESSION.checkpoint: [WT_VERB_CHECKPOINT_PROGRESS] saving checkpoint snapshot min: 38, snapshot max: 38 snapshot count: 0, oldest timestamp: (0, 0) , meta checkpoint timestamp: (0, 0) base write gen: 15"}}
{"t":{"$date":"2024-01-01T17:40:51.180+02:00"},"s":"I",  "c":"STORAGE",  "id":22430,   "ctx":"Checkpointer","msg":"WiredTiger message","attr":{"message":"[1704123651:180195][18972:140709242480464], WT_SESSION.checkpoint: [WT_VERB_CHECKPOINT_PROGRESS] saving checkpoint snapshot min: 40, snapshot max: 40 snapshot count: 0, oldest timestamp: (0, 0) , meta checkpoint timestamp: (0, 0) base write gen: 15"}}
{"t":{"$date":"2024-01-01T17:41:51.185+02:00"},"s":"I",  "c":"STORAGE",  "id":22430,   "ctx":"Checkpointer","msg":"WiredTiger message","attr":{"message":"[1704123711:185206][18972:140709242480464], WT_SESSION.checkpoint: [WT_VERB_CHECKPOINT_PROGRESS] saving checkpoint snapshot min: 42, snapshot max: 42 snapshot count: 0, oldest timestamp: (0, 0) , meta checkpoint timestamp: (0, 0) base write gen: 15"}}
{"t":{"$date":"2024-01-01T17:42:51.190+02:00"},"s":"I",  "c":"STORAGE",  "id":22430,   "ctx":"Checkpointer","msg":"WiredTiger message","attr":{"message":"[1704123771:190459][18972:140709242480464], WT_SESSION.checkpoint: [WT_VERB_CHECKPOINT_PROGRESS] saving checkpoint snapshot min: 44, snapshot max: 44 snapshot count: 0, oldest timestamp: (0, 0) , meta checkpoint timestamp: (0, 0) base write gen: 15"}}
{"t":{"$date":"2024-01-01T17:43:51.195+02:00"},"s":"I",  "c":"STORAGE",  "id":22430,   "ctx":"Checkpointer","msg":"WiredTiger message","attr":{"message":"[1704123831:195305][18972:140709242480464], WT_SESSION.checkpoint: [WT_VERB_CHECKPOINT_PROGRESS] saving checkpoint snapshot min: 46, snapshot max: 46 snapshot count: 0, oldest timestamp: (0, 0) , meta checkpoint timestamp: (0, 0) base write gen: 15"}}
{"t":{"$date":"2024-01-01T17:44:51.203+02:00"},"s":"I",  "c":"STORAGE",  "id":22430,   "ctx":"Checkpointer","msg":"WiredTiger message","attr":{"message":"[1704123891:202963][18972:140709242480464], WT_SESSION.checkpoint: [WT_VERB_CHECKPOINT_PROGRESS] saving checkpoint snapshot min: 48, snapshot max: 48 snapshot count: 0, oldest timestamp: (0, 0) , meta checkpoint timestamp: (0, 0) base write gen: 15"}}
{"t":{"$date":"2024-01-01T17:45:51.208+02:00"},"s":"I",  "c":"STORAGE",  "id":22430,   "ctx":"Checkpointer","msg":"WiredTiger message","attr":{"message":"[1704123951:208062][18972:140709242480464], WT_SESSION.checkpoint: [WT_VERB_CHECKPOINT_PROGRESS] saving checkpoint snapshot min: 50, snapshot max: 50 snapshot count: 0, oldest timestamp: (0, 0) , meta checkpoint timestamp: (0, 0) base write gen: 15"}}
{"t":{"$date":"2024-01-01T17:46:38.381+02:00"},"s":"I",  "c":"NETWORK",  "id":22943,   "ctx":"listener","msg":"Connection accepted","attr":{"remote":"127.0.0.1:56845","uuid":"badb4303-9b45-4b37-bae7-70eb2e64d911","connectionId":4,"connectionCount":1}}
{"t":{"$date":"2024-01-01T17:46:38.385+02:00"},"s":"I",  "c":"NETWORK",  "id":51800,   "ctx":"conn4","msg":"client metadata","attr":{"remote":"127.0.0.1:56845","client":"conn4","doc":{"application":{"name":"mongosh 2.1.1"},"driver":{"name":"nodejs|mongosh","version":"6.3.0|2.1.1"},"platform":"Node.js v20.9.0, LE","os":{"name":"win32","architecture":"x64","version":"10.0.22621","type":"Windows_NT"}}}}
{"t":{"$date":"2024-01-01T17:46:38.402+02:00"},"s":"I",  "c":"NETWORK",  "id":22943,   "ctx":"listener","msg":"Connection accepted","attr":{"remote":"127.0.0.1:56846","uuid":"6916fcdc-4569-46c6-a7c4-f0625cebce12","connectionId":5,"connectionCount":2}}
{"t":{"$date":"2024-01-01T17:46:38.402+02:00"},"s":"I",  "c":"NETWORK",  "id":22943,   "ctx":"listener","msg":"Connection accepted","attr":{"remote":"127.0.0.1:56847","uuid":"a1e97bc7-bca8-4de2-95b5-6a4262dcfc85","connectionId":6,"connectionCount":3}}
{"t":{"$date":"2024-01-01T17:46:38.403+02:00"},"s":"I",  "c":"NETWORK",  "id":51800,   "ctx":"conn5","msg":"client metadata","attr":{"remote":"127.0.0.1:56846","client":"conn5","doc":{"application":{"name":"mongosh 2.1.1"},"driver":{"name":"nodejs|mongosh","version":"6.3.0|2.1.1"},"platform":"Node.js v20.9.0, LE","os":{"name":"win32","architecture":"x64","version":"10.0.22621","type":"Windows_NT"}}}}
{"t":{"$date":"2024-01-01T17:46:38.404+02:00"},"s":"I",  "c":"NETWORK",  "id":51800,   "ctx":"conn6","msg":"client metadata","attr":{"remote":"127.0.0.1:56847","client":"conn6","doc":{"application":{"name":"mongosh 2.1.1"},"driver":{"name":"nodejs|mongosh","version":"6.3.0|2.1.1"},"platform":"Node.js v20.9.0, LE","os":{"name":"win32","architecture":"x64","version":"10.0.22621","type":"Windows_NT"}}}}
{"t":{"$date":"2024-01-01T17:46:38.411+02:00"},"s":"I",  "c":"NETWORK",  "id":22943,   "ctx":"listener","msg":"Connection accepted","attr":{"remote":"127.0.0.1:56848","uuid":"f0fcecf9-bbb3-4566-8e45-e8019caeba7f","connectionId":7,"connectionCount":4}}
{"t":{"$date":"2024-01-01T17:46:38.413+02:00"},"s":"I",  "c":"NETWORK",  "id":51800,   "ctx":"conn7","msg":"client metadata","attr":{"remote":"127.0.0.1:56848","client":"conn7","doc":{"application":{"name":"mongosh 2.1.1"},"driver":{"name":"nodejs|mongosh","version":"6.3.0|2.1.1"},"platform":"Node.js v20.9.0, LE","os":{"name":"win32","architecture":"x64","version":"10.0.22621","type":"Windows_NT"}}}}
{"t":{"$date":"2024-01-01T17:46:48.900+02:00"},"s":"I",  "c":"NETWORK",  "id":22943,   "ctx":"listener","msg":"Connection accepted","attr":{"remote":"127.0.0.1:56854","uuid":"c1d71735-ce14-4619-8856-941dd692bd00","connectionId":8,"connectionCount":5}}
{"t":{"$date":"2024-01-01T17:46:48.901+02:00"},"s":"I",  "c":"NETWORK",  "id":51800,   "ctx":"conn8","msg":"client metadata","attr":{"remote":"127.0.0.1:56854","client":"conn8","doc":{"application":{"name":"mongosh 2.1.1"},"driver":{"name":"nodejs|mongosh","version":"6.3.0|2.1.1"},"platform":"Node.js v20.9.0, LE","os":{"name":"win32","architecture":"x64","version":"10.0.22621","type":"Windows_NT"}}}}
{"t":{"$date":"2024-01-01T17:46:51.212+02:00"},"s":"I",  "c":"STORAGE",  "id":22430,   "ctx":"Checkpointer","msg":"WiredTiger message","attr":{"message":"[1704124011:212876][18972:140709242480464], WT_SESSION.checkpoint: [WT_VERB_CHECKPOINT_PROGRESS] saving checkpoint snapshot min: 52, snapshot max: 52 snapshot count: 0, oldest timestamp: (0, 0) , meta checkpoint timestamp: (0, 0) base write gen: 15"}}
{"t":{"$date":"2024-01-01T17:47:51.217+02:00"},"s":"I",  "c":"STORAGE",  "id":22430,   "ctx":"Checkpointer","msg":"WiredTiger message","attr":{"message":"[1704124071:217543][18972:140709242480464], WT_SESSION.checkpoint: [WT_VERB_CHECKPOINT_PROGRESS] saving checkpoint snapshot min: 54, snapshot max: 54 snapshot count: 0, oldest timestamp: (0, 0) , meta checkpoint timestamp: (0, 0) base write gen: 15"}}
{"t":{"$date":"2024-01-01T17:48:51.223+02:00"},"s":"I",  "c":"STORAGE",  "id":22430,   "ctx":"Checkpointer","msg":"WiredTiger message","attr":{"message":"[1704124131:223409][18972:140709242480464], WT_SESSION.checkpoint: [WT_VERB_CHECKPOINT_PROGRESS] saving checkpoint snapshot min: 56, snapshot max: 56 snapshot count: 0, oldest timestamp: (0, 0) , meta checkpoint timestamp: (0, 0) base write gen: 15"}}
{"t":{"$date":"2024-01-01T17:49:51.228+02:00"},"s":"I",  "c":"STORAGE",  "id":22430,   "ctx":"Checkpointer","msg":"WiredTiger message","attr":{"message":"[1704124191:227966][18972:140709242480464], WT_SESSION.checkpoint: [WT_VERB_CHECKPOINT_PROGRESS] saving checkpoint snapshot min: 60, snapshot max: 60 snapshot count: 0, oldest timestamp: (0, 0) , meta checkpoint timestamp: (0, 0) base write gen: 15"}}
{"t":{"$date":"2024-01-01T17:50:51.234+02:00"},"s":"I",  "c":"STORAGE",  "id":22430,   "ctx":"Checkpointer","msg":"WiredTiger message","attr":{"message":"[1704124251:234679][18972:140709242480464], WT_SESSION.checkpoint: [WT_VERB_CHECKPOINT_PROGRESS] saving checkpoint snapshot min: 63, snapshot max: 63 snapshot count: 0, oldest timestamp: (0, 0) , meta checkpoint timestamp: (0, 0) base write gen: 15"}}
{"t":{"$date":"2024-01-01T17:51:51.240+02:00"},"s":"I",  "c":"STORAGE",  "id":22430,   "ctx":"Checkpointer","msg":"WiredTiger message","attr":{"message":"[1704124311:240745][18972:140709242480464], WT_SESSION.checkpoint: [WT_VERB_CHECKPOINT_PROGRESS] saving checkpoint snapshot min: 65, snapshot max: 65 snapshot count: 0, oldest timestamp: (0, 0) , meta checkpoint timestamp: (0, 0) base write gen: 15"}}
{"t":{"$date":"2024-01-01T17:52:51.245+02:00"},"s":"I",  "c":"STORAGE",  "id":22430,   "ctx":"Checkpointer","msg":"WiredTiger message","attr":{"message":"[1704124371:245800][18972:140709242480464], WT_SESSION.checkpoint: [WT_VERB_CHECKPOINT_PROGRESS] saving checkpoint snapshot min: 67, snapshot max: 67 snapshot count: 0, oldest timestamp: (0, 0) , meta checkpoint timestamp: (0, 0) base write gen: 15"}}
{"t":{"$date":"2024-01-01T17:53:51.250+02:00"},"s":"I",  "c":"STORAGE",  "id":22430,   "ctx":"Checkpointer","msg":"WiredTiger message","attr":{"message":"[1704124431:250586][18972:140709242480464], WT_SESSION.checkpoint: [WT_VERB_CHECKPOINT_PROGRESS] saving checkpoint snapshot min: 69, snapshot max: 69 snapshot count: 0, oldest timestamp: (0, 0) , meta checkpoint timestamp: (0, 0) base write gen: 15"}}
{"t":{"$date":"2024-01-01T17:54:51.257+02:00"},"s":"I",  "c":"STORAGE",  "id":22430,   "ctx":"Checkpointer","msg":"WiredTiger message","attr":{"message":"[1704124491:256629][18972:140709242480464], WT_SESSION.checkpoint: [WT_VERB_CHECKPOINT_PROGRESS] saving checkpoint snapshot min: 72, snapshot max: 72 snapshot count: 0, oldest timestamp: (0, 0) , meta checkpoint timestamp: (0, 0) base write gen: 15"}}
{"t":{"$date":"2024-01-01T17:55:51.263+02:00"},"s":"I",  "c":"STORAGE",  "id":22430,   "ctx":"Checkpointer","msg":"WiredTiger message","attr":{"message":"[1704124551:263339][18972:140709242480464], WT_SESSION.checkpoint: [WT_VERB_CHECKPOINT_PROGRESS] saving checkpoint snapshot min: 75, snapshot max: 75 snapshot count: 0, oldest timestamp: (0, 0) , meta checkpoint timestamp: (0, 0) base write gen: 15"}}
{"t":{"$date":"2024-01-01T17:56:51.269+02:00"},"s":"I",  "c":"STORAGE",  "id":22430,   "ctx":"Checkpointer","msg":"WiredTiger message","attr":{"message":"[1704124611:268967][18972:140709242480464], WT_SESSION.checkpoint: [WT_VERB_CHECKPOINT_PROGRESS] saving checkpoint snapshot min: 77, snapshot max: 77 snapshot count: 0, oldest timestamp: (0, 0) , meta checkpoint timestamp: (0, 0) base write gen: 15"}}
{"t":{"$date":"2024-01-01T17:57:51.274+02:00"},"s":"I",  "c":"STORAGE",  "id":22430,   "ctx":"Checkpointer","msg":"WiredTiger message","attr":{"message":"[1704124671:274578][18972:140709242480464], WT_SESSION.checkpoint: [WT_VERB_CHECKPOINT_PROGRESS] saving checkpoint snapshot min: 79, snapshot max: 79 snapshot count: 0, oldest timestamp: (0, 0) , meta checkpoint timestamp: (0, 0) base write gen: 15"}}
{"t":{"$date":"2024-01-01T17:58:51.417+02:00"},"s":"I",  "c":"STORAGE",  "id":22430,   "ctx":"Checkpointer","msg":"WiredTiger message","attr":{"message":"[1704124731:417465][18972:140709242480464], WT_SESSION.checkpoint: [WT_VERB_CHECKPOINT_PROGRESS] saving checkpoint snapshot min: 81, snapshot max: 81 snapshot count: 0, oldest timestamp: (0, 0) , meta checkpoint timestamp: (0, 0) base write gen: 15"}}
{"t":{"$date":"2024-01-01T17:59:51.423+02:00"},"s":"I",  "c":"STORAGE",  "id":22430,   "ctx":"Checkpointer","msg":"WiredTiger message","attr":{"message":"[1704124791:423642][18972:140709242480464], WT_SESSION.checkpoint: [WT_VERB_CHECKPOINT_PROGRESS] saving checkpoint snapshot min: 86, snapshot max: 86 snapshot count: 0, oldest timestamp: (0, 0) , meta checkpoint timestamp: (0, 0) base write gen: 15"}}
{"t":{"$date":"2024-01-01T18:00:26.715+02:00"},"s":"I",  "c":"NETWORK",  "id":22943,   "ctx":"listener","msg":"Connection accepted","attr":{"remote":"127.0.0.1:57267","uuid":"8bd947e9-ac09-4818-b838-55219d7acc1c","connectionId":9,"connectionCount":6}}
{"t":{"$date":"2024-01-01T18:00:26.721+02:00"},"s":"I",  "c":"NETWORK",  "id":51800,   "ctx":"conn9","msg":"client metadata","attr":{"remote":"127.0.0.1:57267","client":"conn9","doc":{"application":{"name":"mongosh 2.1.1"},"driver":{"name":"nodejs|mongosh","version":"6.3.0|2.1.1"},"platform":"Node.js v20.9.0, LE","os":{"name":"win32","architecture":"x64","version":"10.0.22621","type":"Windows_NT"}}}}
{"t":{"$date":"2024-01-01T18:00:26.736+02:00"},"s":"I",  "c":"NETWORK",  "id":22943,   "ctx":"listener","msg":"Connection accepted","attr":{"remote":"127.0.0.1:57268","uuid":"e3ba02a8-c43a-424d-8458-61f0d29c5927","connectionId":10,"connectionCount":7}}
{"t":{"$date":"2024-01-01T18:00:26.737+02:00"},"s":"I",  "c":"NETWORK",  "id":22943,   "ctx":"listener","msg":"Connection accepted","attr":{"remote":"127.0.0.1:57269","uuid":"f84adf31-63e0-41cf-8c9a-cd81131ad261","connectionId":11,"connectionCount":8}}
{"t":{"$date":"2024-01-01T18:00:26.737+02:00"},"s":"I",  "c":"NETWORK",  "id":51800,   "ctx":"conn10","msg":"client metadata","attr":{"remote":"127.0.0.1:57268","client":"conn10","doc":{"application":{"name":"mongosh 2.1.1"},"driver":{"name":"nodejs|mongosh","version":"6.3.0|2.1.1"},"platform":"Node.js v20.9.0, LE","os":{"name":"win32","architecture":"x64","version":"10.0.22621","type":"Windows_NT"}}}}
{"t":{"$date":"2024-01-01T18:00:26.738+02:00"},"s":"I",  "c":"NETWORK",  "id":51800,   "ctx":"conn11","msg":"client metadata","attr":{"remote":"127.0.0.1:57269","client":"conn11","doc":{"application":{"name":"mongosh 2.1.1"},"driver":{"name":"nodejs|mongosh","version":"6.3.0|2.1.1"},"platform":"Node.js v20.9.0, LE","os":{"name":"win32","architecture":"x64","version":"10.0.22621","type":"Windows_NT"}}}}
{"t":{"$date":"2024-01-01T18:00:26.741+02:00"},"s":"I",  "c":"NETWORK",  "id":22943,   "ctx":"listener","msg":"Connection accepted","attr":{"remote":"127.0.0.1:57270","uuid":"ff078df0-136e-426d-8640-3e6ac2262a6f","connectionId":12,"connectionCount":9}}
{"t":{"$date":"2024-01-01T18:00:26.745+02:00"},"s":"I",  "c":"NETWORK",  "id":51800,   "ctx":"conn12","msg":"client metadata","attr":{"remote":"127.0.0.1:57270","client":"conn12","doc":{"application":{"name":"mongosh 2.1.1"},"driver":{"name":"nodejs|mongosh","version":"6.3.0|2.1.1"},"platform":"Node.js v20.9.0, LE","os":{"name":"win32","architecture":"x64","version":"10.0.22621","type":"Windows_NT"}}}}
{"t":{"$date":"2024-01-01T18:00:35.411+02:00"},"s":"I",  "c":"NETWORK",  "id":22943,   "ctx":"listener","msg":"Connection accepted","attr":{"remote":"127.0.0.1:57273","uuid":"ee181afb-8d05-412a-8074-85aa24fc0a55","connectionId":13,"connectionCount":10}}
{"t":{"$date":"2024-01-01T18:00:35.411+02:00"},"s":"I",  "c":"NETWORK",  "id":22943,   "ctx":"listener","msg":"Connection accepted","attr":{"remote":"127.0.0.1:57274","uuid":"286b8074-d0a7-48bc-98b0-6890d8814f54","connectionId":14,"connectionCount":11}}
{"t":{"$date":"2024-01-01T18:00:35.415+02:00"},"s":"I",  "c":"NETWORK",  "id":51800,   "ctx":"conn13","msg":"client metadata","attr":{"remote":"127.0.0.1:57273","client":"conn13","doc":{"application":{"name":"mongosh 2.1.1"},"driver":{"name":"nodejs|mongosh","version":"6.3.0|2.1.1"},"platform":"Node.js v20.9.0, LE","os":{"name":"win32","architecture":"x64","version":"10.0.22621","type":"Windows_NT"}}}}
{"t":{"$date":"2024-01-01T18:00:35.416+02:00"},"s":"I",  "c":"NETWORK",  "id":51800,   "ctx":"conn14","msg":"client metadata","attr":{"remote":"127.0.0.1:57274","client":"conn14","doc":{"application":{"name":"mongosh 2.1.1"},"driver":{"name":"nodejs|mongosh","version":"6.3.0|2.1.1"},"platform":"Node.js v20.9.0, LE","os":{"name":"win32","architecture":"x64","version":"10.0.22621","type":"Windows_NT"}}}}
{"t":{"$date":"2024-01-01T18:00:37.242+02:00"},"s":"I",  "c":"NETWORK",  "id":22943,   "ctx":"listener","msg":"Connection accepted","attr":{"remote":"127.0.0.1:57275","uuid":"66c6f0ef-536f-42fb-8638-edf4902a5537","connectionId":15,"connectionCount":12}}
{"t":{"$date":"2024-01-01T18:00:37.243+02:00"},"s":"I",  "c":"NETWORK",  "id":51800,   "ctx":"conn15","msg":"client metadata","attr":{"remote":"127.0.0.1:57275","client":"conn15","doc":{"application":{"name":"mongosh 2.1.1"},"driver":{"name":"nodejs|mongosh","version":"6.3.0|2.1.1"},"platform":"Node.js v20.9.0, LE","os":{"name":"win32","architecture":"x64","version":"10.0.22621","type":"Windows_NT"}}}}
{"t":{"$date":"2024-01-01T18:00:38.418+02:00"},"s":"I",  "c":"NETWORK",  "id":22943,   "ctx":"listener","msg":"Connection accepted","attr":{"remote":"127.0.0.1:57276","uuid":"4a9b15ab-8f68-43a1-9bf1-41e117736df4","connectionId":16,"connectionCount":13}}
{"t":{"$date":"2024-01-01T18:00:38.424+02:00"},"s":"I",  "c":"NETWORK",  "id":51800,   "ctx":"conn16","msg":"client metadata","attr":{"remote":"127.0.0.1:57276","client":"conn16","doc":{"application":{"name":"mongosh 2.1.1"},"driver":{"name":"nodejs|mongosh","version":"6.3.0|2.1.1"},"platform":"Node.js v20.9.0, LE","os":{"name":"win32","architecture":"x64","version":"10.0.22621","type":"Windows_NT"}}}}
{"t":{"$date":"2024-01-01T18:00:51.432+02:00"},"s":"I",  "c":"STORAGE",  "id":22430,   "ctx":"Checkpointer","msg":"WiredTiger message","attr":{"message":"[1704124851:432003][18972:140709242480464], WT_SESSION.checkpoint: [WT_VERB_CHECKPOINT_PROGRESS] saving checkpoint snapshot min: 89, snapshot max: 89 snapshot count: 0, oldest timestamp: (0, 0) , meta checkpoint timestamp: (0, 0) base write gen: 15"}}
{"t":{"$date":"2024-01-01T18:01:51.441+02:00"},"s":"I",  "c":"STORAGE",  "id":22430,   "ctx":"Checkpointer","msg":"WiredTiger message","attr":{"message":"[1704124911:440990][18972:140709242480464], WT_SESSION.checkpoint: [WT_VERB_CHECKPOINT_PROGRESS] saving checkpoint snapshot min: 91, snapshot max: 91 snapshot count: 0, oldest timestamp: (0, 0) , meta checkpoint timestamp: (0, 0) base write gen: 15"}}
{"t":{"$date":"2024-01-01T18:02:35.672+02:00"},"s":"I",  "c":"STORAGE",  "id":20320,   "ctx":"conn16","msg":"createCollection","attr":{"namespace":"shop.products","uuidDisposition":"generated","uuid":{"uuid":{"$uuid":"e3ecc891-fb15-4aea-8adb-11107de275b2"}},"options":{}}}
{"t":{"$date":"2024-01-01T18:02:35.680+02:00"},"s":"I",  "c":"INDEX",    "id":20345,   "ctx":"conn16","msg":"Index build: done building","attr":{"buildUUID":null,"namespace":"shop.products","index":"_id_","commitTimestamp":null}}
{"t":{"$date":"2024-01-01T18:02:51.446+02:00"},"s":"I",  "c":"STORAGE",  "id":22430,   "ctx":"Checkpointer","msg":"WiredTiger message","attr":{"message":"[1704124971:445801][18972:140709242480464], WT_SESSION.checkpoint: [WT_VERB_CHECKPOINT_PROGRESS] saving checkpoint snapshot min: 101, snapshot max: 101 snapshot count: 0, oldest timestamp: (0, 0) , meta checkpoint timestamp: (0, 0) base write gen: 15"}}
{"t":{"$date":"2024-01-01T18:03:51.458+02:00"},"s":"I",  "c":"STORAGE",  "id":22430,   "ctx":"Checkpointer","msg":"WiredTiger message","attr":{"message":"[1704125031:458530][18972:140709242480464], WT_SESSION.checkpoint: [WT_VERB_CHECKPOINT_PROGRESS] saving checkpoint snapshot min: 109, snapshot max: 109 snapshot count: 0, oldest timestamp: (0, 0) , meta checkpoint timestamp: (0, 0) base write gen: 15"}}
{"t":{"$date":"2024-01-01T18:04:51.465+02:00"},"s":"I",  "c":"STORAGE",  "id":22430,   "ctx":"Checkpointer","msg":"WiredTiger message","attr":{"message":"[1704125091:465244][18972:140709242480464], WT_SESSION.checkpoint: [WT_VERB_CHECKPOINT_PROGRESS] saving checkpoint snapshot min: 113, snapshot max: 113 snapshot count: 0, oldest timestamp: (0, 0) , meta checkpoint timestamp: (0, 0) base write gen: 15"}}
{"t":{"$date":"2024-01-01T18:05:51.472+02:00"},"s":"I",  "c":"STORAGE",  "id":22430,   "ctx":"Checkpointer","msg":"WiredTiger message","attr":{"message":"[1704125151:472285][18972:140709242480464], WT_SESSION.checkpoint: [WT_VERB_CHECKPOINT_PROGRESS] saving checkpoint snapshot min: 116, snapshot max: 116 snapshot count: 0, oldest timestamp: (0, 0) , meta checkpoint timestamp: (0, 0) base write gen: 15"}}
{"t":{"$date":"2024-01-01T18:06:51.482+02:00"},"s":"I",  "c":"STORAGE",  "id":22430,   "ctx":"Checkpointer","msg":"WiredTiger message","attr":{"message":"[1704125211:481917][18972:140709242480464], WT_SESSION.checkpoint: [WT_VERB_CHECKPOINT_PROGRESS] saving checkpoint snapshot min: 120, snapshot max: 120 snapshot count: 0, oldest timestamp: (0, 0) , meta checkpoint timestamp: (0, 0) base write gen: 15"}}
{"t":{"$date":"2024-01-01T18:07:51.492+02:00"},"s":"I",  "c":"STORAGE",  "id":22430,   "ctx":"Checkpointer","msg":"WiredTiger message","attr":{"message":"[1704125271:491423][18972:140709242480464], WT_SESSION.checkpoint: [WT_VERB_CHECKPOINT_PROGRESS] saving checkpoint snapshot min: 124, snapshot max: 124 snapshot count: 0, oldest timestamp: (0, 0) , meta checkpoint timestamp: (0, 0) base write gen: 15"}}
{"t":{"$date":"2024-01-01T18:08:51.503+02:00"},"s":"I",  "c":"STORAGE",  "id":22430,   "ctx":"Checkpointer","msg":"WiredTiger message","attr":{"message":"[1704125331:502743][18972:140709242480464], WT_SESSION.checkpoint: [WT_VERB_CHECKPOINT_PROGRESS] saving checkpoint snapshot min: 128, snapshot max: 128 snapshot count: 0, oldest timestamp: (0, 0) , meta checkpoint timestamp: (0, 0) base write gen: 15"}}
{"t":{"$date":"2024-01-01T18:09:51.510+02:00"},"s":"I",  "c":"STORAGE",  "id":22430,   "ctx":"Checkpointer","msg":"WiredTiger message","attr":{"message":"[1704125391:510298][18972:140709242480464], WT_SESSION.checkpoint: [WT_VERB_CHECKPOINT_PROGRESS] saving checkpoint snapshot min: 131, snapshot max: 131 snapshot count: 0, oldest timestamp: (0, 0) , meta checkpoint timestamp: (0, 0) base write gen: 15"}}
{"t":{"$date":"2024-01-01T18:10:51.516+02:00"},"s":"I",  "c":"STORAGE",  "id":22430,   "ctx":"Checkpointer","msg":"WiredTiger message","attr":{"message":"[1704125451:516565][18972:140709242480464], WT_SESSION.checkpoint: [WT_VERB_CHECKPOINT_PROGRESS] saving checkpoint snapshot min: 133, snapshot max: 133 snapshot count: 0, oldest timestamp: (0, 0) , meta checkpoint timestamp: (0, 0) base write gen: 15"}}
{"t":{"$date":"2024-01-01T18:11:51.524+02:00"},"s":"I",  "c":"STORAGE",  "id":22430,   "ctx":"Checkpointer","msg":"WiredTiger message","attr":{"message":"[1704125511:524453][18972:140709242480464], WT_SESSION.checkpoint: [WT_VERB_CHECKPOINT_PROGRESS] saving checkpoint snapshot min: 135, snapshot max: 135 snapshot count: 0, oldest timestamp: (0, 0) , meta checkpoint timestamp: (0, 0) base write gen: 15"}}
{"t":{"$date":"2024-01-01T18:12:51.533+02:00"},"s":"I",  "c":"STORAGE",  "id":22430,   "ctx":"Checkpointer","msg":"WiredTiger message","attr":{"message":"[1704125571:533332][18972:140709242480464], WT_SESSION.checkpoint: [WT_VERB_CHECKPOINT_PROGRESS] saving checkpoint snapshot min: 137, snapshot max: 137 snapshot count: 0, oldest timestamp: (0, 0) , meta checkpoint timestamp: (0, 0) base write gen: 15"}}
{"t":{"$date":"2024-01-01T18:13:51.538+02:00"},"s":"I",  "c":"STORAGE",  "id":22430,   "ctx":"Checkpointer","msg":"WiredTiger message","attr":{"message":"[1704125631:538697][18972:140709242480464], WT_SESSION.checkpoint: [WT_VERB_CHECKPOINT_PROGRESS] saving checkpoint snapshot min: 139, snapshot max: 139 snapshot count: 0, oldest timestamp: (0, 0) , meta checkpoint timestamp: (0, 0) base write gen: 15"}}
{"t":{"$date":"2024-01-01T18:14:51.544+02:00"},"s":"I",  "c":"STORAGE",  "id":22430,   "ctx":"Checkpointer","msg":"WiredTiger message","attr":{"message":"[1704125691:544565][18972:140709242480464], WT_SESSION.checkpoint: [WT_VERB_CHECKPOINT_PROGRESS] saving checkpoint snapshot min: 141, snapshot max: 141 snapshot count: 0, oldest timestamp: (0, 0) , meta checkpoint timestamp: (0, 0) base write gen: 15"}}
{"t":{"$date":"2024-01-01T18:15:51.550+02:00"},"s":"I",  "c":"STORAGE",  "id":22430,   "ctx":"Checkpointer","msg":"WiredTiger message","attr":{"message":"[1704125751:550502][18972:140709242480464], WT_SESSION.checkpoint: [WT_VERB_CHECKPOINT_PROGRESS] saving checkpoint snapshot min: 143, snapshot max: 143 snapshot count: 0, oldest timestamp: (0, 0) , meta checkpoint timestamp: (0, 0) base write gen: 15"}}
{"t":{"$date":"2024-01-01T18:16:51.559+02:00"},"s":"I",  "c":"STORAGE",  "id":22430,   "ctx":"Checkpointer","msg":"WiredTiger message","attr":{"message":"[1704125811:559579][18972:140709242480464], WT_SESSION.checkpoint: [WT_VERB_CHECKPOINT_PROGRESS] saving checkpoint snapshot min: 145, snapshot max: 145 snapshot count: 0, oldest timestamp: (0, 0) , meta checkpoint timestamp: (0, 0) base write gen: 15"}}
{"t":{"$date":"2024-01-01T18:17:51.567+02:00"},"s":"I",  "c":"STORAGE",  "id":22430,   "ctx":"Checkpointer","msg":"WiredTiger message","attr":{"message":"[1704125871:567739][18972:140709242480464], WT_SESSION.checkpoint: [WT_VERB_CHECKPOINT_PROGRESS] saving checkpoint snapshot min: 147, snapshot max: 147 snapshot count: 0, oldest timestamp: (0, 0) , meta checkpoint timestamp: (0, 0) base write gen: 15"}}
{"t":{"$date":"2024-01-01T18:18:51.574+02:00"},"s":"I",  "c":"STORAGE",  "id":22430,   "ctx":"Checkpointer","msg":"WiredTiger message","attr":{"message":"[1704125931:573749][18972:140709242480464], WT_SESSION.checkpoint: [WT_VERB_CHECKPOINT_PROGRESS] saving checkpoint snapshot min: 150, snapshot max: 150 snapshot count: 0, oldest timestamp: (0, 0) , meta checkpoint timestamp: (0, 0) base write gen: 15"}}
{"t":{"$date":"2024-01-01T18:19:51.581+02:00"},"s":"I",  "c":"STORAGE",  "id":22430,   "ctx":"Checkpointer","msg":"WiredTiger message","attr":{"message":"[1704125991:580484][18972:140709242480464], WT_SESSION.checkpoint: [WT_VERB_CHECKPOINT_PROGRESS] saving checkpoint snapshot min: 153, snapshot max: 153 snapshot count: 0, oldest timestamp: (0, 0) , meta checkpoint timestamp: (0, 0) base write gen: 15"}}
{"t":{"$date":"2024-01-01T18:20:51.586+02:00"},"s":"I",  "c":"STORAGE",  "id":22430,   "ctx":"Checkpointer","msg":"WiredTiger message","attr":{"message":"[1704126051:586496][18972:140709242480464], WT_SESSION.checkpoint: [WT_VERB_CHECKPOINT_PROGRESS] saving checkpoint snapshot min: 155, snapshot max: 155 snapshot count: 0, oldest timestamp: (0, 0) , meta checkpoint timestamp: (0, 0) base write gen: 15"}}
{"t":{"$date":"2024-01-01T18:21:51.591+02:00"},"s":"I",  "c":"STORAGE",  "id":22430,   "ctx":"Checkpointer","msg":"WiredTiger message","attr":{"message":"[1704126111:591232][18972:140709242480464], WT_SESSION.checkpoint: [WT_VERB_CHECKPOINT_PROGRESS] saving checkpoint snapshot min: 157, snapshot max: 157 snapshot count: 0, oldest timestamp: (0, 0) , meta checkpoint timestamp: (0, 0) base write gen: 15"}}
{"t":{"$date":"2024-01-01T18:22:51.597+02:00"},"s":"I",  "c":"STORAGE",  "id":22430,   "ctx":"Checkpointer","msg":"WiredTiger message","attr":{"message":"[1704126171:597084][18972:140709242480464], WT_SESSION.checkpoint: [WT_VERB_CHECKPOINT_PROGRESS] saving checkpoint snapshot min: 159, snapshot max: 159 snapshot count: 0, oldest timestamp: (0, 0) , meta checkpoint timestamp: (0, 0) base write gen: 15"}}
{"t":{"$date":"2024-01-01T18:23:51.604+02:00"},"s":"I",  "c":"STORAGE",  "id":22430,   "ctx":"Checkpointer","msg":"WiredTiger message","attr":{"message":"[1704126231:603443][18972:140709242480464], WT_SESSION.checkpoint: [WT_VERB_CHECKPOINT_PROGRESS] saving checkpoint snapshot min: 162, snapshot max: 162 snapshot count: 0, oldest timestamp: (0, 0) , meta checkpoint timestamp: (0, 0) base write gen: 15"}}
{"t":{"$date":"2024-01-01T18:24:51.611+02:00"},"s":"I",  "c":"STORAGE",  "id":22430,   "ctx":"Checkpointer","msg":"WiredTiger message","attr":{"message":"[1704126291:611454][18972:140709242480464], WT_SESSION.checkpoint: [WT_VERB_CHECKPOINT_PROGRESS] saving checkpoint snapshot min: 165, snapshot max: 165 snapshot count: 0, oldest timestamp: (0, 0) , meta checkpoint timestamp: (0, 0) base write gen: 15"}}
{"t":{"$date":"2024-01-01T18:25:51.616+02:00"},"s":"I",  "c":"STORAGE",  "id":22430,   "ctx":"Checkpointer","msg":"WiredTiger message","attr":{"message":"[1704126351:616455][18972:140709242480464], WT_SESSION.checkpoint: [WT_VERB_CHECKPOINT_PROGRESS] saving checkpoint snapshot min: 167, snapshot max: 167 snapshot count: 0, oldest timestamp: (0, 0) , meta checkpoint timestamp: (0, 0) base write gen: 15"}}
{"t":{"$date":"2024-01-01T18:26:51.622+02:00"},"s":"I",  "c":"STORAGE",  "id":22430,   "ctx":"Checkpointer","msg":"WiredTiger message","attr":{"message":"[1704126411:622397][18972:140709242480464], WT_SESSION.checkpoint: [WT_VERB_CHECKPOINT_PROGRESS] saving checkpoint snapshot min: 169, snapshot max: 169 snapshot count: 0, oldest timestamp: (0, 0) , meta checkpoint timestamp: (0, 0) base write gen: 15"}}
{"t":{"$date":"2024-01-01T18:27:51.631+02:00"},"s":"I",  "c":"STORAGE",  "id":22430,   "ctx":"Checkpointer","msg":"WiredTiger message","attr":{"message":"[1704126471:631117][18972:140709242480464], WT_SESSION.checkpoint: [WT_VERB_CHECKPOINT_PROGRESS] saving checkpoint snapshot min: 171, snapshot max: 171 snapshot count: 0, oldest timestamp: (0, 0) , meta checkpoint timestamp: (0, 0) base write gen: 15"}}
{"t":{"$date":"2024-01-01T18:28:51.636+02:00"},"s":"I",  "c":"STORAGE",  "id":22430,   "ctx":"Checkpointer","msg":"WiredTiger message","attr":{"message":"[1704126531:636756][18972:140709242480464], WT_SESSION.checkpoint: [WT_VERB_CHECKPOINT_PROGRESS] saving checkpoint snapshot min: 173, snapshot max: 173 snapshot count: 0, oldest timestamp: (0, 0) , meta checkpoint timestamp: (0, 0) base write gen: 15"}}
{"t":{"$date":"2024-01-01T18:29:51.641+02:00"},"s":"I",  "c":"STORAGE",  "id":22430,   "ctx":"Checkpointer","msg":"WiredTiger message","attr":{"message":"[1704126591:641514][18972:140709242480464], WT_SESSION.checkpoint: [WT_VERB_CHECKPOINT_PROGRESS] saving checkpoint snapshot min: 175, snapshot max: 175 snapshot count: 0, oldest timestamp: (0, 0) , meta checkpoint timestamp: (0, 0) base write gen: 15"}}
{"t":{"$date":"2024-01-01T18:30:51.646+02:00"},"s":"I",  "c":"STORAGE",  "id":22430,   "ctx":"Checkpointer","msg":"WiredTiger message","attr":{"message":"[1704126651:646123][18972:140709242480464], WT_SESSION.checkpoint: [WT_VERB_CHECKPOINT_PROGRESS] saving checkpoint snapshot min: 177, snapshot max: 177 snapshot count: 0, oldest timestamp: (0, 0) , meta checkpoint timestamp: (0, 0) base write gen: 15"}}
{"t":{"$date":"2024-01-01T18:31:12.441+02:00"},"s":"I",  "c":"NETWORK",  "id":22944,   "ctx":"conn10","msg":"Connection ended","attr":{"remote":"127.0.0.1:57268","uuid":"e3ba02a8-c43a-424d-8458-61f0d29c5927","connectionId":10,"connectionCount":12}}
{"t":{"$date":"2024-01-01T18:31:12.441+02:00"},"s":"I",  "c":"NETWORK",  "id":22944,   "ctx":"conn11","msg":"Connection ended","attr":{"remote":"127.0.0.1:57269","uuid":"f84adf31-63e0-41cf-8c9a-cd81131ad261","connectionId":11,"connectionCount":11}}
{"t":{"$date":"2024-01-01T18:31:12.441+02:00"},"s":"I",  "c":"NETWORK",  "id":22944,   "ctx":"conn14","msg":"Connection ended","attr":{"remote":"127.0.0.1:57274","uuid":"286b8074-d0a7-48bc-98b0-6890d8814f54","connectionId":14,"connectionCount":8}}
{"t":{"$date":"2024-01-01T18:31:12.441+02:00"},"s":"I",  "c":"NETWORK",  "id":22944,   "ctx":"conn13","msg":"Connection ended","attr":{"remote":"127.0.0.1:57273","uuid":"ee181afb-8d05-412a-8074-85aa24fc0a55","connectionId":13,"connectionCount":9}}
{"t":{"$date":"2024-01-01T18:31:12.441+02:00"},"s":"I",  "c":"NETWORK",  "id":22944,   "ctx":"conn12","msg":"Connection ended","attr":{"remote":"127.0.0.1:57270","uuid":"ff078df0-136e-426d-8640-3e6ac2262a6f","connectionId":12,"connectionCount":10}}
{"t":{"$date":"2024-01-01T18:31:12.441+02:00"},"s":"I",  "c":"NETWORK",  "id":22944,   "ctx":"conn15","msg":"Connection ended","attr":{"remote":"127.0.0.1:57275","uuid":"66c6f0ef-536f-42fb-8638-edf4902a5537","connectionId":15,"connectionCount":7}}
{"t":{"$date":"2024-01-01T18:31:12.441+02:00"},"s":"I",  "c":"NETWORK",  "id":22944,   "ctx":"conn16","msg":"Connection ended","attr":{"remote":"127.0.0.1:57276","uuid":"4a9b15ab-8f68-43a1-9bf1-41e117736df4","connectionId":16,"connectionCount":6}}
{"t":{"$date":"2024-01-01T18:31:13.433+02:00"},"s":"W",  "c":"NETWORK",  "id":4615610, "ctx":"conn9","msg":"Failed to check socket connectivity","attr":{"error":{"code":6,"codeName":"HostUnreachable","errmsg":"Connection reset by peer"}}}
{"t":{"$date":"2024-01-01T18:31:13.433+02:00"},"s":"I",  "c":"-",        "id":20883,   "ctx":"conn9","msg":"Interrupted operation as its client disconnected","attr":{"opId":50587}}
{"t":{"$date":"2024-01-01T18:31:13.434+02:00"},"s":"I",  "c":"NETWORK",  "id":22989,   "ctx":"conn9","msg":"Error sending response to client. Ending connection from remote","attr":{"error":{"code":6,"codeName":"HostUnreachable","errmsg":"Connection reset by peer"},"remote":"127.0.0.1:57267","connectionId":9}}
{"t":{"$date":"2024-01-01T18:31:13.434+02:00"},"s":"I",  "c":"NETWORK",  "id":22944,   "ctx":"conn9","msg":"Connection ended","attr":{"remote":"127.0.0.1:57267","uuid":"8bd947e9-ac09-4818-b838-55219d7acc1c","connectionId":9,"connectionCount":5}}
{"t":{"$date":"2024-01-01T18:31:15.252+02:00"},"s":"I",  "c":"NETWORK",  "id":22944,   "ctx":"conn5","msg":"Connection ended","attr":{"remote":"127.0.0.1:56846","uuid":"6916fcdc-4569-46c6-a7c4-f0625cebce12","connectionId":5,"connectionCount":4}}
{"t":{"$date":"2024-01-01T18:31:15.252+02:00"},"s":"I",  "c":"NETWORK",  "id":22944,   "ctx":"conn6","msg":"Connection ended","attr":{"remote":"127.0.0.1:56847","uuid":"a1e97bc7-bca8-4de2-95b5-6a4262dcfc85","connectionId":6,"connectionCount":3}}
{"t":{"$date":"2024-01-01T18:31:15.252+02:00"},"s":"I",  "c":"NETWORK",  "id":22944,   "ctx":"conn7","msg":"Connection ended","attr":{"remote":"127.0.0.1:56848","uuid":"f0fcecf9-bbb3-4566-8e45-e8019caeba7f","connectionId":7,"connectionCount":2}}
{"t":{"$date":"2024-01-01T18:31:15.252+02:00"},"s":"I",  "c":"NETWORK",  "id":22944,   "ctx":"conn8","msg":"Connection ended","attr":{"remote":"127.0.0.1:56854","uuid":"c1d71735-ce14-4619-8856-941dd692bd00","connectionId":8,"connectionCount":1}}
{"t":{"$date":"2024-01-01T18:31:16.155+02:00"},"s":"W",  "c":"NETWORK",  "id":4615610, "ctx":"conn4","msg":"Failed to check socket connectivity","attr":{"error":{"code":6,"codeName":"HostUnreachable","errmsg":"Connection reset by peer"}}}
{"t":{"$date":"2024-01-01T18:31:16.155+02:00"},"s":"I",  "c":"-",        "id":20883,   "ctx":"conn4","msg":"Interrupted operation as its client disconnected","attr":{"opId":50610}}
{"t":{"$date":"2024-01-01T18:31:16.155+02:00"},"s":"I",  "c":"NETWORK",  "id":22989,   "ctx":"conn4","msg":"Error sending response to client. Ending connection from remote","attr":{"error":{"code":6,"codeName":"HostUnreachable","errmsg":"Connection reset by peer"},"remote":"127.0.0.1:56845","connectionId":4}}
{"t":{"$date":"2024-01-01T18:31:16.155+02:00"},"s":"I",  "c":"NETWORK",  "id":22944,   "ctx":"conn4","msg":"Connection ended","attr":{"remote":"127.0.0.1:56845","uuid":"badb4303-9b45-4b37-bae7-70eb2e64d911","connectionId":4,"connectionCount":0}}
{"t":{"$date":"2024-01-01T18:31:24.592+02:00"},"s":"I",  "c":"CONTROL",  "id":23315,   "ctx":"serviceShutdown","msg":"Received request from Windows Service Control Manager","attr":{"code":"SERVICE_CONTROL_STOP","inShutdown":"false"}}
{"t":{"$date":"2024-01-01T18:31:24.592+02:00"},"s":"I",  "c":"REPL",     "id":4784900, "ctx":"serviceShutdown","msg":"Stepping down the ReplicationCoordinator for shutdown","attr":{"waitTimeMillis":15000}}
{"t":{"$date":"2024-01-01T18:31:24.592+02:00"},"s":"I",  "c":"REPL",     "id":4794602, "ctx":"serviceShutdown","msg":"Attempting to enter quiesce mode"}
{"t":{"$date":"2024-01-01T18:31:24.592+02:00"},"s":"I",  "c":"COMMAND",  "id":4784901, "ctx":"serviceShutdown","msg":"Shutting down the MirrorMaestro"}
{"t":{"$date":"2024-01-01T18:31:24.592+02:00"},"s":"I",  "c":"SHARDING", "id":4784902, "ctx":"serviceShutdown","msg":"Shutting down the WaitForMajorityService"}
{"t":{"$date":"2024-01-01T18:31:24.593+02:00"},"s":"I",  "c":"CONTROL",  "id":4784903, "ctx":"serviceShutdown","msg":"Shutting down the LogicalSessionCache"}
{"t":{"$date":"2024-01-01T18:31:24.593+02:00"},"s":"I",  "c":"NETWORK",  "id":20562,   "ctx":"serviceShutdown","msg":"Shutdown: going to close listening sockets"}
{"t":{"$date":"2024-01-01T18:31:24.593+02:00"},"s":"I",  "c":"NETWORK",  "id":4784905, "ctx":"serviceShutdown","msg":"Shutting down the global connection pool"}
{"t":{"$date":"2024-01-01T18:31:24.593+02:00"},"s":"I",  "c":"CONTROL",  "id":4784906, "ctx":"serviceShutdown","msg":"Shutting down the FlowControlTicketholder"}
{"t":{"$date":"2024-01-01T18:31:24.593+02:00"},"s":"I",  "c":"-",        "id":20520,   "ctx":"serviceShutdown","msg":"Stopping further Flow Control ticket acquisitions."}
{"t":{"$date":"2024-01-01T18:31:24.593+02:00"},"s":"I",  "c":"CONTROL",  "id":4784908, "ctx":"serviceShutdown","msg":"Shutting down the PeriodicThreadToAbortExpiredTransactions"}
{"t":{"$date":"2024-01-01T18:31:24.593+02:00"},"s":"I",  "c":"REPL",     "id":4784909, "ctx":"serviceShutdown","msg":"Shutting down the ReplicationCoordinator"}
{"t":{"$date":"2024-01-01T18:31:24.593+02:00"},"s":"I",  "c":"SHARDING", "id":4784910, "ctx":"serviceShutdown","msg":"Shutting down the ShardingInitializationMongoD"}
{"t":{"$date":"2024-01-01T18:31:24.593+02:00"},"s":"I",  "c":"REPL",     "id":4784911, "ctx":"serviceShutdown","msg":"Enqueuing the ReplicationStateTransitionLock for shutdown"}
{"t":{"$date":"2024-01-01T18:31:24.593+02:00"},"s":"I",  "c":"-",        "id":4784912, "ctx":"serviceShutdown","msg":"Killing all operations for shutdown"}
{"t":{"$date":"2024-01-01T18:31:24.593+02:00"},"s":"I",  "c":"-",        "id":4695300, "ctx":"serviceShutdown","msg":"Interrupted all currently running operations","attr":{"opsKilled":3}}
{"t":{"$date":"2024-01-01T18:31:24.593+02:00"},"s":"I",  "c":"TENANT_M", "id":5093807, "ctx":"serviceShutdown","msg":"Shutting down all TenantMigrationAccessBlockers on global shutdown"}
{"t":{"$date":"2024-01-01T18:31:24.593+02:00"},"s":"I",  "c":"COMMAND",  "id":4784913, "ctx":"serviceShutdown","msg":"Shutting down all open transactions"}
{"t":{"$date":"2024-01-01T18:31:24.593+02:00"},"s":"I",  "c":"REPL",     "id":4784914, "ctx":"serviceShutdown","msg":"Acquiring the ReplicationStateTransitionLock for shutdown"}
{"t":{"$date":"2024-01-01T18:31:24.593+02:00"},"s":"I",  "c":"INDEX",    "id":4784915, "ctx":"serviceShutdown","msg":"Shutting down the IndexBuildsCoordinator"}
{"t":{"$date":"2024-01-01T18:31:24.593+02:00"},"s":"I",  "c":"REPL",     "id":4784916, "ctx":"serviceShutdown","msg":"Reacquiring the ReplicationStateTransitionLock for shutdown"}
{"t":{"$date":"2024-01-01T18:31:24.593+02:00"},"s":"I",  "c":"REPL",     "id":4784917, "ctx":"serviceShutdown","msg":"Attempting to mark clean shutdown"}
{"t":{"$date":"2024-01-01T18:31:24.593+02:00"},"s":"I",  "c":"NETWORK",  "id":4784918, "ctx":"serviceShutdown","msg":"Shutting down the ReplicaSetMonitor"}
{"t":{"$date":"2024-01-01T18:31:24.593+02:00"},"s":"I",  "c":"SHARDING", "id":4784921, "ctx":"serviceShutdown","msg":"Shutting down the MigrationUtilExecutor"}
{"t":{"$date":"2024-01-01T18:31:24.593+02:00"},"s":"I",  "c":"ASIO",     "id":22582,   "ctx":"MigrationUtil-TaskExecutor","msg":"Killing all outstanding egress activity."}
{"t":{"$date":"2024-01-01T18:31:24.593+02:00"},"s":"I",  "c":"COMMAND",  "id":4784923, "ctx":"serviceShutdown","msg":"Shutting down the ServiceEntryPoint"}
{"t":{"$date":"2024-01-01T18:31:24.594+02:00"},"s":"I",  "c":"CONTROL",  "id":4784927, "ctx":"serviceShutdown","msg":"Shutting down the HealthLog"}
{"t":{"$date":"2024-01-01T18:31:24.594+02:00"},"s":"I",  "c":"CONTROL",  "id":4784928, "ctx":"serviceShutdown","msg":"Shutting down the TTL monitor"}
{"t":{"$date":"2024-01-01T18:31:24.594+02:00"},"s":"I",  "c":"INDEX",    "id":3684100, "ctx":"serviceShutdown","msg":"Shutting down TTL collection monitor thread"}
{"t":{"$date":"2024-01-01T18:31:24.594+02:00"},"s":"I",  "c":"INDEX",    "id":3684101, "ctx":"serviceShutdown","msg":"Finished shutting down TTL collection monitor thread"}
{"t":{"$date":"2024-01-01T18:31:24.594+02:00"},"s":"I",  "c":"CONTROL",  "id":4784929, "ctx":"serviceShutdown","msg":"Acquiring the global lock for shutdown"}
{"t":{"$date":"2024-01-01T18:31:24.594+02:00"},"s":"I",  "c":"CONTROL",  "id":4784930, "ctx":"serviceShutdown","msg":"Shutting down the storage engine"}
{"t":{"$date":"2024-01-01T18:31:24.594+02:00"},"s":"I",  "c":"STORAGE",  "id":22320,   "ctx":"serviceShutdown","msg":"Shutting down journal flusher thread"}
{"t":{"$date":"2024-01-01T18:31:24.594+02:00"},"s":"I",  "c":"STORAGE",  "id":22321,   "ctx":"serviceShutdown","msg":"Finished shutting down journal flusher thread"}
{"t":{"$date":"2024-01-01T18:31:24.594+02:00"},"s":"I",  "c":"STORAGE",  "id":22322,   "ctx":"serviceShutdown","msg":"Shutting down checkpoint thread"}
{"t":{"$date":"2024-01-01T18:31:24.594+02:00"},"s":"I",  "c":"STORAGE",  "id":22323,   "ctx":"serviceShutdown","msg":"Finished shutting down checkpoint thread"}
{"t":{"$date":"2024-01-01T18:31:24.594+02:00"},"s":"I",  "c":"STORAGE",  "id":20282,   "ctx":"serviceShutdown","msg":"Deregistering all the collections"}
{"t":{"$date":"2024-01-01T18:31:24.594+02:00"},"s":"I",  "c":"STORAGE",  "id":22261,   "ctx":"serviceShutdown","msg":"Timestamp monitor shutting down"}
{"t":{"$date":"2024-01-01T18:31:24.594+02:00"},"s":"I",  "c":"STORAGE",  "id":22317,   "ctx":"serviceShutdown","msg":"WiredTigerKVEngine shutting down"}
{"t":{"$date":"2024-01-01T18:31:24.594+02:00"},"s":"I",  "c":"STORAGE",  "id":22318,   "ctx":"serviceShutdown","msg":"Shutting down session sweeper thread"}
{"t":{"$date":"2024-01-01T18:31:24.594+02:00"},"s":"I",  "c":"STORAGE",  "id":22319,   "ctx":"serviceShutdown","msg":"Finished shutting down session sweeper thread"}
{"t":{"$date":"2024-01-01T18:31:24.594+02:00"},"s":"I",  "c":"STORAGE",  "id":4795902, "ctx":"serviceShutdown","msg":"Closing WiredTiger","attr":{"closeConfig":"leak_memory=true,"}}
{"t":{"$date":"2024-01-01T18:31:24.594+02:00"},"s":"I",  "c":"STORAGE",  "id":22430,   "ctx":"serviceShutdown","msg":"WiredTiger message","attr":{"message":"[1704126684:594067][18972:140709242480464], close_ckpt: [WT_VERB_CHECKPOINT_PROGRESS] saving checkpoint snapshot min: 179, snapshot max: 179 snapshot count: 0, oldest timestamp: (0, 0) , meta checkpoint timestamp: (0, 0) base write gen: 15"}}
{"t":{"$date":"2024-01-01T18:31:24.604+02:00"},"s":"I",  "c":"STORAGE",  "id":4795901, "ctx":"serviceShutdown","msg":"WiredTiger closed","attr":{"durationMillis":10}}
{"t":{"$date":"2024-01-01T18:31:24.604+02:00"},"s":"I",  "c":"STORAGE",  "id":22281,   "ctx":"serviceShutdown","msg":"shutdown: removing fs lock..."}
{"t":{"$date":"2024-01-01T18:31:24.604+02:00"},"s":"I",  "c":"-",        "id":4784931, "ctx":"serviceShutdown","msg":"Dropping the scope cache for shutdown"}
{"t":{"$date":"2024-01-01T18:31:24.604+02:00"},"s":"I",  "c":"FTDC",     "id":4784926, "ctx":"serviceShutdown","msg":"Shutting down full-time data capture"}
{"t":{"$date":"2024-01-01T18:31:24.604+02:00"},"s":"I",  "c":"FTDC",     "id":20626,   "ctx":"serviceShutdown","msg":"Shutting down full-time diagnostic data capture"}
{"t":{"$date":"2024-01-01T18:31:24.607+02:00"},"s":"I",  "c":"CONTROL",  "id":20565,   "ctx":"serviceShutdown","msg":"Now exiting"}
