{"t":{"$date":"2024-01-02T21:44:53.406+02:00"},"s":"I",  "c":"NETWORK",  "id":4915701, "ctx":"-","msg":"Initialized wire specification","attr":{"spec":{"incomingExternalClient":{"minWireVersion":0,"maxWireVersion":13},"incomingInternalClient":{"minWireVersion":0,"maxWireVersion":13},"outgoing":{"minWireVersion":0,"maxWireVersion":13},"isInternalClient":true}}}
{"t":{"$date":"2024-01-02T21:44:53.406+02:00"},"s":"I",  "c":"CONTROL",  "id":23285,   "ctx":"-","msg":"Automatically disabling TLS 1.0, to force-enable TLS 1.0 specify --sslDisabledProtocols 'none'"}
{"t":{"$date":"2024-01-02T21:44:53.408+02:00"},"s":"W",  "c":"ASIO",     "id":22601,   "ctx":"thread1","msg":"No TransportLayer configured during NetworkInterface startup"}
{"t":{"$date":"2024-01-02T21:44:53.408+02:00"},"s":"I",  "c":"NETWORK",  "id":4648602, "ctx":"thread1","msg":"Implicit TCP FastOpen in use."}
{"t":{"$date":"2024-01-02T21:44:53.409+02:00"},"s":"W",  "c":"ASIO",     "id":22601,   "ctx":"thread1","msg":"No TransportLayer configured during NetworkInterface startup"}
{"t":{"$date":"2024-01-02T21:44:53.409+02:00"},"s":"I",  "c":"REPL",     "id":5123008, "ctx":"thread1","msg":"Successfully registered PrimaryOnlyService","attr":{"service":"TenantMigrationDonorService","ns":"config.tenantMigrationDonors"}}
{"t":{"$date":"2024-01-02T21:44:53.409+02:00"},"s":"I",  "c":"REPL",     "id":5123008, "ctx":"thread1","msg":"Successfully registered PrimaryOnlyService","attr":{"service":"TenantMigrationRecipientService","ns":"config.tenantMigrationRecipients"}}
{"t":{"$date":"2024-01-02T21:44:53.409+02:00"},"s":"I",  "c":"CONTROL",  "id":5945603, "ctx":"thread1","msg":"Multi threading initialized"}
{"t":{"$date":"2024-01-02T21:44:53.409+02:00"},"s":"I",  "c":"CONTROL",  "id":4615611, "ctx":"initandlisten","msg":"MongoDB starting","attr":{"pid":6877,"port":27017,"dbPath":"/Volumes/Studies/Lean-MongoDB/macOS/data","architecture":"64-bit","host":"h-MacBook-Pro-sl-Lirone.local"}}
{"t":{"$date":"2024-01-02T21:44:53.409+02:00"},"s":"I",  "c":"CONTROL",  "id":23403,   "ctx":"initandlisten","msg":"Build Info","attr":{"buildInfo":{"version":"5.0.23","gitVersion":"3367195a14d0ba2734d2ba2719294fb974ad0834","modules":[],"allocator":"system","environment":{"distarch":"x86_64","target_arch":"x86_64"}}}}
{"t":{"$date":"2024-01-02T21:44:53.409+02:00"},"s":"I",  "c":"CONTROL",  "id":51765,   "ctx":"initandlisten","msg":"Operating System","attr":{"os":{"name":"Mac OS X","version":"23.1.0"}}}
{"t":{"$date":"2024-01-02T21:44:53.409+02:00"},"s":"I",  "c":"CONTROL",  "id":21951,   "ctx":"initandlisten","msg":"Options set by command line","attr":{"options":{"storage":{"dbPath":"/Volumes/Studies/Lean-MongoDB/macOS/data"},"systemLog":{"destination":"file","path":"/Volumes/Studies/Lean-MongoDB/macOS/logs/mongo.log"}}}}
{"t":{"$date":"2024-01-02T21:44:53.410+02:00"},"s":"I",  "c":"NETWORK",  "id":5693100, "ctx":"initandlisten","msg":"Asio socket.set_option failed with std::system_error","attr":{"note":"acceptor TCP fast open","option":{"level":6,"name":261,"data":"00 04 00 00"},"error":{"what":"set_option: Invalid argument","message":"Invalid argument","category":"asio.system","value":22}}}
{"t":{"$date":"2024-01-02T21:44:53.411+02:00"},"s":"I",  "c":"STORAGE",  "id":22270,   "ctx":"initandlisten","msg":"Storage engine to use detected by data files","attr":{"dbpath":"/Volumes/Studies/Lean-MongoDB/macOS/data","storageEngine":"wiredTiger"}}
{"t":{"$date":"2024-01-02T21:44:53.411+02:00"},"s":"I",  "c":"STORAGE",  "id":22315,   "ctx":"initandlisten","msg":"Opening WiredTiger","attr":{"config":"create,cache_size=7680M,session_max=33000,eviction=(threads_min=4,threads_max=4),config_base=false,statistics=(fast),log=(enabled=true,archive=true,path=journal,compressor=snappy),builtin_extension_config=(zstd=(compression_level=6)),file_manager=(close_idle_time=600,close_scan_interval=10,close_handle_minimum=250),statistics_log=(wait=0),verbose=[recovery_progress,checkpoint_progress,compact_progress],"}}
{"t":{"$date":"2024-01-02T21:44:54.007+02:00"},"s":"I",  "c":"STORAGE",  "id":22430,   "ctx":"initandlisten","msg":"WiredTiger message","attr":{"message":"[1704224694:7369][6877:0x207fd8240], txn-recover: [WT_VERB_RECOVERY_PROGRESS] Recovering log 1 through 2"}}
{"t":{"$date":"2024-01-02T21:44:54.032+02:00"},"s":"I",  "c":"STORAGE",  "id":22430,   "ctx":"initandlisten","msg":"WiredTiger message","attr":{"message":"[1704224694:32648][6877:0x207fd8240], txn-recover: [WT_VERB_RECOVERY_PROGRESS] Recovering log 2 through 2"}}
{"t":{"$date":"2024-01-02T21:44:54.061+02:00"},"s":"I",  "c":"STORAGE",  "id":22430,   "ctx":"initandlisten","msg":"WiredTiger message","attr":{"message":"[1704224694:61680][6877:0x207fd8240], txn-recover: [WT_VERB_RECOVERY_ALL] Main recovery loop: starting at 1/101760 to 2/256"}}
{"t":{"$date":"2024-01-02T21:44:54.112+02:00"},"s":"I",  "c":"STORAGE",  "id":22430,   "ctx":"initandlisten","msg":"WiredTiger message","attr":{"message":"[1704224694:112471][6877:0x207fd8240], txn-recover: [WT_VERB_RECOVERY_PROGRESS] Recovering log 1 through 2"}}
{"t":{"$date":"2024-01-02T21:44:54.143+02:00"},"s":"I",  "c":"STORAGE",  "id":22430,   "ctx":"initandlisten","msg":"WiredTiger message","attr":{"message":"[1704224694:143064][6877:0x207fd8240], txn-recover: [WT_VERB_RECOVERY_PROGRESS] Recovering log 2 through 2"}}
{"t":{"$date":"2024-01-02T21:44:54.167+02:00"},"s":"I",  "c":"STORAGE",  "id":22430,   "ctx":"initandlisten","msg":"WiredTiger message","attr":{"message":"[1704224694:167496][6877:0x207fd8240], txn-recover: [WT_VERB_RECOVERY_ALL] Set global recovery timestamp: (0, 0)"}}
{"t":{"$date":"2024-01-02T21:44:54.167+02:00"},"s":"I",  "c":"STORAGE",  "id":22430,   "ctx":"initandlisten","msg":"WiredTiger message","attr":{"message":"[1704224694:167542][6877:0x207fd8240], txn-recover: [WT_VERB_RECOVERY_ALL] Set global oldest timestamp: (0, 0)"}}
{"t":{"$date":"2024-01-02T21:44:54.171+02:00"},"s":"I",  "c":"STORAGE",  "id":22430,   "ctx":"initandlisten","msg":"WiredTiger message","attr":{"message":"[1704224694:171412][6877:0x207fd8240], WT_SESSION.checkpoint: [WT_VERB_CHECKPOINT_PROGRESS] saving checkpoint snapshot min: 1, snapshot max: 1 snapshot count: 0, oldest timestamp: (0, 0) , meta checkpoint timestamp: (0, 0) base write gen: 232"}}
{"t":{"$date":"2024-01-02T21:44:54.191+02:00"},"s":"I",  "c":"STORAGE",  "id":4795906, "ctx":"initandlisten","msg":"WiredTiger opened","attr":{"durationMillis":780}}
{"t":{"$date":"2024-01-02T21:44:54.191+02:00"},"s":"I",  "c":"RECOVERY", "id":23987,   "ctx":"initandlisten","msg":"WiredTiger recoveryTimestamp","attr":{"recoveryTimestamp":{"$timestamp":{"t":0,"i":0}}}}
{"t":{"$date":"2024-01-02T21:44:54.195+02:00"},"s":"I",  "c":"STORAGE",  "id":22262,   "ctx":"initandlisten","msg":"Timestamp monitor starting"}
{"t":{"$date":"2024-01-02T21:44:54.196+02:00"},"s":"W",  "c":"CONTROL",  "id":22120,   "ctx":"initandlisten","msg":"Access control is not enabled for the database. Read and write access to data and configuration is unrestricted","tags":["startupWarnings"]}
{"t":{"$date":"2024-01-02T21:44:54.196+02:00"},"s":"W",  "c":"CONTROL",  "id":22140,   "ctx":"initandlisten","msg":"This server is bound to localhost. Remote systems will be unable to connect to this server. Start the server with --bind_ip <address> to specify which IP addresses it should serve responses from, or with --bind_ip_all to bind to all interfaces. If this behavior is desired, start the server with --bind_ip 127.0.0.1 to disable this warning","tags":["startupWarnings"]}
{"t":{"$date":"2024-01-02T21:44:54.196+02:00"},"s":"W",  "c":"CONTROL",  "id":22184,   "ctx":"initandlisten","msg":"Soft rlimits for open file descriptors too low","attr":{"currentValue":12800,"recommendedMinimum":64000},"tags":["startupWarnings"]}
{"t":{"$date":"2024-01-02T21:44:54.199+02:00"},"s":"I",  "c":"NETWORK",  "id":4915702, "ctx":"initandlisten","msg":"Updated wire specification","attr":{"oldSpec":{"incomingExternalClient":{"minWireVersion":0,"maxWireVersion":13},"incomingInternalClient":{"minWireVersion":0,"maxWireVersion":13},"outgoing":{"minWireVersion":0,"maxWireVersion":13},"isInternalClient":true},"newSpec":{"incomingExternalClient":{"minWireVersion":0,"maxWireVersion":13},"incomingInternalClient":{"minWireVersion":13,"maxWireVersion":13},"outgoing":{"minWireVersion":13,"maxWireVersion":13},"isInternalClient":true}}}
{"t":{"$date":"2024-01-02T21:44:54.199+02:00"},"s":"I",  "c":"STORAGE",  "id":5071100, "ctx":"initandlisten","msg":"Clearing temp directory"}
{"t":{"$date":"2024-01-02T21:44:54.201+02:00"},"s":"I",  "c":"CONTROL",  "id":20536,   "ctx":"initandlisten","msg":"Flow Control is enabled on this deployment"}
{"t":{"$date":"2024-01-02T21:44:54.202+02:00"},"s":"I",  "c":"FTDC",     "id":20625,   "ctx":"initandlisten","msg":"Initializing full-time diagnostic data capture","attr":{"dataDirectory":"/Volumes/Studies/Lean-MongoDB/macOS/data/diagnostic.data"}}
{"t":{"$date":"2024-01-02T21:44:54.203+02:00"},"s":"I",  "c":"REPL",     "id":6015317, "ctx":"initandlisten","msg":"Setting new configuration state","attr":{"newState":"ConfigReplicationDisabled","oldState":"ConfigPreStart"}}
{"t":{"$date":"2024-01-02T21:44:54.204+02:00"},"s":"I",  "c":"NETWORK",  "id":23015,   "ctx":"listener","msg":"Listening on","attr":{"address":"/tmp/mongodb-27017.sock"}}
{"t":{"$date":"2024-01-02T21:44:54.204+02:00"},"s":"I",  "c":"NETWORK",  "id":23015,   "ctx":"listener","msg":"Listening on","attr":{"address":"127.0.0.1"}}
{"t":{"$date":"2024-01-02T21:44:54.204+02:00"},"s":"I",  "c":"NETWORK",  "id":23016,   "ctx":"listener","msg":"Waiting for connections","attr":{"port":27017,"ssl":"off"}}
{"t":{"$date":"2024-01-02T21:44:55.749+02:00"},"s":"I",  "c":"NETWORK",  "id":22943,   "ctx":"listener","msg":"Connection accepted","attr":{"remote":"127.0.0.1:49525","uuid":"300ad4e7-6fae-4197-bc87-ef995c15faa3","connectionId":1,"connectionCount":1}}
{"t":{"$date":"2024-01-02T21:44:55.751+02:00"},"s":"I",  "c":"NETWORK",  "id":51800,   "ctx":"conn1","msg":"client metadata","attr":{"remote":"127.0.0.1:49525","client":"conn1","doc":{"application":{"name":"mongosh 2.1.1"},"driver":{"name":"nodejs|mongosh","version":"6.3.0|2.1.1"},"platform":"Node.js v20.9.0, LE","os":{"name":"darwin","architecture":"arm64","version":"23.1.0","type":"Darwin"}}}}
{"t":{"$date":"2024-01-02T21:45:06.536+02:00"},"s":"I",  "c":"NETWORK",  "id":22943,   "ctx":"listener","msg":"Connection accepted","attr":{"remote":"127.0.0.1:49526","uuid":"7cd50232-3d4d-4782-b548-e01b922a1109","connectionId":2,"connectionCount":2}}
{"t":{"$date":"2024-01-02T21:45:06.536+02:00"},"s":"I",  "c":"NETWORK",  "id":51800,   "ctx":"conn2","msg":"client metadata","attr":{"remote":"127.0.0.1:49526","client":"conn2","doc":{"application":{"name":"mongosh 2.1.1"},"driver":{"name":"nodejs|mongosh","version":"6.3.0|2.1.1"},"platform":"Node.js v20.9.0, LE","os":{"name":"darwin","architecture":"arm64","version":"23.1.0","type":"Darwin"}}}}
{"t":{"$date":"2024-01-02T21:45:54.204+02:00"},"s":"I",  "c":"STORAGE",  "id":22430,   "ctx":"Checkpointer","msg":"WiredTiger message","attr":{"message":"[1704224754:204823][6877:0x30f262000], WT_SESSION.checkpoint: [WT_VERB_CHECKPOINT_PROGRESS] saving checkpoint snapshot min: 3, snapshot max: 3 snapshot count: 0, oldest timestamp: (0, 0) , meta checkpoint timestamp: (0, 0) base write gen: 232"}}
{"t":{"$date":"2024-01-02T21:46:54.235+02:00"},"s":"I",  "c":"STORAGE",  "id":22430,   "ctx":"Checkpointer","msg":"WiredTiger message","attr":{"message":"[1704224814:235770][6877:0x30f262000], WT_SESSION.checkpoint: [WT_VERB_CHECKPOINT_PROGRESS] saving checkpoint snapshot min: 6, snapshot max: 6 snapshot count: 0, oldest timestamp: (0, 0) , meta checkpoint timestamp: (0, 0) base write gen: 232"}}
{"t":{"$date":"2024-01-02T21:47:54.264+02:00"},"s":"I",  "c":"STORAGE",  "id":22430,   "ctx":"Checkpointer","msg":"WiredTiger message","attr":{"message":"[1704224874:264761][6877:0x30f262000], WT_SESSION.checkpoint: [WT_VERB_CHECKPOINT_PROGRESS] saving checkpoint snapshot min: 8, snapshot max: 8 snapshot count: 0, oldest timestamp: (0, 0) , meta checkpoint timestamp: (0, 0) base write gen: 232"}}
{"t":{"$date":"2024-01-02T21:48:54.295+02:00"},"s":"I",  "c":"STORAGE",  "id":22430,   "ctx":"Checkpointer","msg":"WiredTiger message","attr":{"message":"[1704224934:295521][6877:0x30f262000], WT_SESSION.checkpoint: [WT_VERB_CHECKPOINT_PROGRESS] saving checkpoint snapshot min: 10, snapshot max: 10 snapshot count: 0, oldest timestamp: (0, 0) , meta checkpoint timestamp: (0, 0) base write gen: 232"}}
{"t":{"$date":"2024-01-02T21:49:54.334+02:00"},"s":"I",  "c":"STORAGE",  "id":22430,   "ctx":"Checkpointer","msg":"WiredTiger message","attr":{"message":"[1704224994:334462][6877:0x30f262000], WT_SESSION.checkpoint: [WT_VERB_CHECKPOINT_PROGRESS] saving checkpoint snapshot min: 15, snapshot max: 15 snapshot count: 0, oldest timestamp: (0, 0) , meta checkpoint timestamp: (0, 0) base write gen: 232"}}
{"t":{"$date":"2024-01-02T21:50:54.368+02:00"},"s":"I",  "c":"STORAGE",  "id":22430,   "ctx":"Checkpointer","msg":"WiredTiger message","attr":{"message":"[1704225054:368240][6877:0x30f262000], WT_SESSION.checkpoint: [WT_VERB_CHECKPOINT_PROGRESS] saving checkpoint snapshot min: 17, snapshot max: 17 snapshot count: 0, oldest timestamp: (0, 0) , meta checkpoint timestamp: (0, 0) base write gen: 232"}}
{"t":{"$date":"2024-01-02T21:51:54.403+02:00"},"s":"I",  "c":"STORAGE",  "id":22430,   "ctx":"Checkpointer","msg":"WiredTiger message","attr":{"message":"[1704225114:403808][6877:0x30f262000], WT_SESSION.checkpoint: [WT_VERB_CHECKPOINT_PROGRESS] saving checkpoint snapshot min: 19, snapshot max: 19 snapshot count: 0, oldest timestamp: (0, 0) , meta checkpoint timestamp: (0, 0) base write gen: 232"}}
{"t":{"$date":"2024-01-02T21:52:54.435+02:00"},"s":"I",  "c":"STORAGE",  "id":22430,   "ctx":"Checkpointer","msg":"WiredTiger message","attr":{"message":"[1704225174:435912][6877:0x30f262000], WT_SESSION.checkpoint: [WT_VERB_CHECKPOINT_PROGRESS] saving checkpoint snapshot min: 21, snapshot max: 21 snapshot count: 0, oldest timestamp: (0, 0) , meta checkpoint timestamp: (0, 0) base write gen: 232"}}
{"t":{"$date":"2024-01-02T21:53:54.468+02:00"},"s":"I",  "c":"STORAGE",  "id":22430,   "ctx":"Checkpointer","msg":"WiredTiger message","attr":{"message":"[1704225234:468864][6877:0x30f262000], WT_SESSION.checkpoint: [WT_VERB_CHECKPOINT_PROGRESS] saving checkpoint snapshot min: 23, snapshot max: 23 snapshot count: 0, oldest timestamp: (0, 0) , meta checkpoint timestamp: (0, 0) base write gen: 232"}}
{"t":{"$date":"2024-01-02T21:54:54.504+02:00"},"s":"I",  "c":"STORAGE",  "id":22430,   "ctx":"Checkpointer","msg":"WiredTiger message","attr":{"message":"[1704225294:504268][6877:0x30f262000], WT_SESSION.checkpoint: [WT_VERB_CHECKPOINT_PROGRESS] saving checkpoint snapshot min: 30, snapshot max: 30 snapshot count: 0, oldest timestamp: (0, 0) , meta checkpoint timestamp: (0, 0) base write gen: 232"}}
